dataset path: /home/dharmesh/Documents/neurocontroller-hotm/datasets_and_models/bebop_time/dataset.npy
output indices: [6, 7]
learning rule: adam
learning rate: 0.001
minibatch size: 512
hid layer dims: [200, 200, 200, 200, 200, 200, 200]

Train on 9440000 samples, validate on 1180000 samples
Epoch 1/500
 - 164s - loss: 0.0681 - mean_absolute_error: 0.0791 - val_loss: 0.0404 - val_mean_absolute_error: 0.0469
Epoch 2/500
 - 156s - loss: 0.0248 - mean_absolute_error: 0.0353 - val_loss: 0.0206 - val_mean_absolute_error: 0.0315
Epoch 3/500
 - 158s - loss: 0.0207 - mean_absolute_error: 0.0302 - val_loss: 0.0175 - val_mean_absolute_error: 0.0278
Epoch 4/500
 - 158s - loss: 0.0191 - mean_absolute_error: 0.0282 - val_loss: 0.0186 - val_mean_absolute_error: 0.0282
Epoch 5/500
 - 157s - loss: 0.0181 - mean_absolute_error: 0.0272 - val_loss: 0.0197 - val_mean_absolute_error: 0.0299
Epoch 6/500
 - 156s - loss: 0.0173 - mean_absolute_error: 0.0265 - val_loss: 0.0160 - val_mean_absolute_error: 0.0248
Epoch 7/500
 - 157s - loss: 0.0168 - mean_absolute_error: 0.0259 - val_loss: 0.0160 - val_mean_absolute_error: 0.0247
Epoch 8/500
 - 158s - loss: 0.0164 - mean_absolute_error: 0.0255 - val_loss: 0.0158 - val_mean_absolute_error: 0.0248
Epoch 9/500
 - 156s - loss: 0.0161 - mean_absolute_error: 0.0253 - val_loss: 0.0185 - val_mean_absolute_error: 0.0281
Epoch 10/500
 - 158s - loss: 0.0157 - mean_absolute_error: 0.0249 - val_loss: 0.0146 - val_mean_absolute_error: 0.0239
Epoch 11/500
 - 158s - loss: 0.0155 - mean_absolute_error: 0.0246 - val_loss: 0.0148 - val_mean_absolute_error: 0.0242
Epoch 12/500
 - 159s - loss: 0.0153 - mean_absolute_error: 0.0244 - val_loss: 0.0171 - val_mean_absolute_error: 0.0269
Epoch 13/500
 - 159s - loss: 0.0151 - mean_absolute_error: 0.0243 - val_loss: 0.0139 - val_mean_absolute_error: 0.0230
Epoch 14/500
 - 158s - loss: 0.0150 - mean_absolute_error: 0.0242 - val_loss: 0.0136 - val_mean_absolute_error: 0.0220
Epoch 15/500
 - 158s - loss: 0.0149 - mean_absolute_error: 0.0241 - val_loss: 0.0140 - val_mean_absolute_error: 0.0220
Epoch 16/500
 - 158s - loss: 0.0147 - mean_absolute_error: 0.0239 - val_loss: 0.0169 - val_mean_absolute_error: 0.0255
Epoch 17/500
 - 156s - loss: 0.0146 - mean_absolute_error: 0.0238 - val_loss: 0.0140 - val_mean_absolute_error: 0.0223

Epoch 00017: ReduceLROnPlateau reducing learning rate to 0.0005000000237487257.
Epoch 18/500
 - 156s - loss: 0.0128 - mean_absolute_error: 0.0208 - val_loss: 0.0133 - val_mean_absolute_error: 0.0211
Epoch 19/500
 - 157s - loss: 0.0127 - mean_absolute_error: 0.0206 - val_loss: 0.0130 - val_mean_absolute_error: 0.0207
Epoch 20/500
 - 156s - loss: 0.0127 - mean_absolute_error: 0.0206 - val_loss: 0.0126 - val_mean_absolute_error: 0.0199
Epoch 21/500
 - 157s - loss: 0.0127 - mean_absolute_error: 0.0205 - val_loss: 0.0133 - val_mean_absolute_error: 0.0212
Epoch 22/500
 - 156s - loss: 0.0126 - mean_absolute_error: 0.0205 - val_loss: 0.0125 - val_mean_absolute_error: 0.0201
Epoch 23/500
 - 157s - loss: 0.0125 - mean_absolute_error: 0.0204 - val_loss: 0.0135 - val_mean_absolute_error: 0.0211

Epoch 00023: ReduceLROnPlateau reducing learning rate to 0.0002500000118743628.
Epoch 24/500
 - 158s - loss: 0.0118 - mean_absolute_error: 0.0189 - val_loss: 0.0122 - val_mean_absolute_error: 0.0193
Epoch 25/500
 - 158s - loss: 0.0117 - mean_absolute_error: 0.0187 - val_loss: 0.0119 - val_mean_absolute_error: 0.0191
Epoch 26/500
 - 157s - loss: 0.0117 - mean_absolute_error: 0.0187 - val_loss: 0.0120 - val_mean_absolute_error: 0.0186
Epoch 27/500
 - 158s - loss: 0.0117 - mean_absolute_error: 0.0186 - val_loss: 0.0119 - val_mean_absolute_error: 0.0188
Epoch 28/500
 - 157s - loss: 0.0116 - mean_absolute_error: 0.0186 - val_loss: 0.0117 - val_mean_absolute_error: 0.0185
Epoch 29/500
 - 158s - loss: 0.0116 - mean_absolute_error: 0.0186 - val_loss: 0.0119 - val_mean_absolute_error: 0.0188
Epoch 30/500
 - 156s - loss: 0.0116 - mean_absolute_error: 0.0186 - val_loss: 0.0118 - val_mean_absolute_error: 0.0185
Epoch 31/500
 - 156s - loss: 0.0116 - mean_absolute_error: 0.0185 - val_loss: 0.0119 - val_mean_absolute_error: 0.0181
Epoch 32/500
 - 157s - loss: 0.0116 - mean_absolute_error: 0.0185 - val_loss: 0.0120 - val_mean_absolute_error: 0.0193
Epoch 33/500
 - 157s - loss: 0.0116 - mean_absolute_error: 0.0185 - val_loss: 0.0119 - val_mean_absolute_error: 0.0186
Epoch 34/500
 - 157s - loss: 0.0116 - mean_absolute_error: 0.0185 - val_loss: 0.0120 - val_mean_absolute_error: 0.0186

Epoch 00034: ReduceLROnPlateau reducing learning rate to 0.0001250000059371814.
Epoch 35/500
 - 157s - loss: 0.0112 - mean_absolute_error: 0.0176 - val_loss: 0.0117 - val_mean_absolute_error: 0.0182
Epoch 36/500
 - 157s - loss: 0.0111 - mean_absolute_error: 0.0176 - val_loss: 0.0118 - val_mean_absolute_error: 0.0181
Epoch 37/500
 - 158s - loss: 0.0111 - mean_absolute_error: 0.0175 - val_loss: 0.0114 - val_mean_absolute_error: 0.0177
Epoch 38/500
 - 157s - loss: 0.0111 - mean_absolute_error: 0.0175 - val_loss: 0.0115 - val_mean_absolute_error: 0.0181
Epoch 39/500
 - 159s - loss: 0.0111 - mean_absolute_error: 0.0175 - val_loss: 0.0115 - val_mean_absolute_error: 0.0176
Epoch 40/500
 - 158s - loss: 0.0111 - mean_absolute_error: 0.0174 - val_loss: 0.0116 - val_mean_absolute_error: 0.0181
Epoch 41/500
 - 157s - loss: 0.0111 - mean_absolute_error: 0.0174 - val_loss: 0.0116 - val_mean_absolute_error: 0.0178
Epoch 42/500
 - 158s - loss: 0.0111 - mean_absolute_error: 0.0174 - val_loss: 0.0122 - val_mean_absolute_error: 0.0186

Epoch 00042: ReduceLROnPlateau reducing learning rate to 6.25000029685907e-05.
Epoch 43/500
 - 158s - loss: 0.0109 - mean_absolute_error: 0.0170 - val_loss: 0.0114 - val_mean_absolute_error: 0.0174
Epoch 44/500
 - 157s - loss: 0.0108 - mean_absolute_error: 0.0169 - val_loss: 0.0114 - val_mean_absolute_error: 0.0174
Epoch 45/500
 - 157s - loss: 0.0108 - mean_absolute_error: 0.0169 - val_loss: 0.0115 - val_mean_absolute_error: 0.0175
Epoch 46/500
 - 159s - loss: 0.0108 - mean_absolute_error: 0.0169 - val_loss: 0.0115 - val_mean_absolute_error: 0.0173
Epoch 47/500
 - 157s - loss: 0.0108 - mean_absolute_error: 0.0169 - val_loss: 0.0114 - val_mean_absolute_error: 0.0172
Epoch 48/500
 - 158s - loss: 0.0108 - mean_absolute_error: 0.0169 - val_loss: 0.0113 - val_mean_absolute_error: 0.0171
Epoch 49/500
 - 159s - loss: 0.0108 - mean_absolute_error: 0.0168 - val_loss: 0.0114 - val_mean_absolute_error: 0.0173
Epoch 50/500
 - 159s - loss: 0.0108 - mean_absolute_error: 0.0168 - val_loss: 0.0114 - val_mean_absolute_error: 0.0173
Epoch 51/500
 - 159s - loss: 0.0108 - mean_absolute_error: 0.0168 - val_loss: 0.0114 - val_mean_absolute_error: 0.0171
Epoch 52/500
 - 159s - loss: 0.0108 - mean_absolute_error: 0.0168 - val_loss: 0.0113 - val_mean_absolute_error: 0.0170
Epoch 53/500
 - 160s - loss: 0.0108 - mean_absolute_error: 0.0168 - val_loss: 0.0113 - val_mean_absolute_error: 0.0171
Epoch 54/500
 - 158s - loss: 0.0108 - mean_absolute_error: 0.0168 - val_loss: 0.0114 - val_mean_absolute_error: 0.0172
Epoch 55/500
 - 161s - loss: 0.0108 - mean_absolute_error: 0.0168 - val_loss: 0.0114 - val_mean_absolute_error: 0.0173

Epoch 00055: ReduceLROnPlateau reducing learning rate to 3.125000148429535e-05.
Epoch 56/500
 - 159s - loss: 0.0107 - mean_absolute_error: 0.0166 - val_loss: 0.0113 - val_mean_absolute_error: 0.0170
Epoch 57/500
 - 157s - loss: 0.0107 - mean_absolute_error: 0.0165 - val_loss: 0.0113 - val_mean_absolute_error: 0.0171
Epoch 58/500
 - 159s - loss: 0.0107 - mean_absolute_error: 0.0165 - val_loss: 0.0113 - val_mean_absolute_error: 0.0170
Epoch 59/500
 - 161s - loss: 0.0107 - mean_absolute_error: 0.0165 - val_loss: 0.0113 - val_mean_absolute_error: 0.0170
Epoch 60/500
 - 158s - loss: 0.0107 - mean_absolute_error: 0.0165 - val_loss: 0.0114 - val_mean_absolute_error: 0.0171
Epoch 61/500
 - 160s - loss: 0.0106 - mean_absolute_error: 0.0165 - val_loss: 0.0113 - val_mean_absolute_error: 0.0170
Epoch 62/500
 - 158s - loss: 0.0106 - mean_absolute_error: 0.0165 - val_loss: 0.0113 - val_mean_absolute_error: 0.0171

Epoch 00062: ReduceLROnPlateau reducing learning rate to 1.5625000742147677e-05.
Epoch 63/500
 - 159s - loss: 0.0106 - mean_absolute_error: 0.0164 - val_loss: 0.0113 - val_mean_absolute_error: 0.0168
Epoch 64/500
 - 159s - loss: 0.0106 - mean_absolute_error: 0.0164 - val_loss: 0.0113 - val_mean_absolute_error: 0.0168
Epoch 65/500
 - 159s - loss: 0.0106 - mean_absolute_error: 0.0164 - val_loss: 0.0113 - val_mean_absolute_error: 0.0170
Epoch 66/500
 - 159s - loss: 0.0106 - mean_absolute_error: 0.0164 - val_loss: 0.0113 - val_mean_absolute_error: 0.0169

Epoch 00066: ReduceLROnPlateau reducing learning rate to 7.812500371073838e-06.
Epoch 67/500
 - 161s - loss: 0.0106 - mean_absolute_error: 0.0163 - val_loss: 0.0113 - val_mean_absolute_error: 0.0169
Epoch 68/500
 - 161s - loss: 0.0106 - mean_absolute_error: 0.0163 - val_loss: 0.0113 - val_mean_absolute_error: 0.0169
Epoch 00068: early stopping
