dataset path: /home/dharmesh/Documents/neurocontroller-hotm/datasets_and_models/bebop_time/dataset.npy
output indices: [6, 7]
learning rule: adam
learning rate: 0.001
minibatch size: 512
hid layer dims: [200, 200, 200, 200, 200, 200, 200, 200, 200, 200]

Train on 9440000 samples, validate on 1180000 samples
Epoch 1/500
 - 202s - loss: 0.0645 - mean_absolute_error: 0.0799 - val_loss: 0.0314 - val_mean_absolute_error: 0.0491
Epoch 2/500
 - 190s - loss: 0.0254 - mean_absolute_error: 0.0369 - val_loss: 0.0230 - val_mean_absolute_error: 0.0363
Epoch 3/500
 - 189s - loss: 0.0211 - mean_absolute_error: 0.0317 - val_loss: 0.0176 - val_mean_absolute_error: 0.0280
Epoch 4/500
 - 192s - loss: 0.0194 - mean_absolute_error: 0.0292 - val_loss: 0.0170 - val_mean_absolute_error: 0.0276
Epoch 5/500
 - 190s - loss: 0.0185 - mean_absolute_error: 0.0281 - val_loss: 0.0179 - val_mean_absolute_error: 0.0261
Epoch 6/500
 - 192s - loss: 0.0178 - mean_absolute_error: 0.0271 - val_loss: 0.0165 - val_mean_absolute_error: 0.0262
Epoch 7/500
 - 191s - loss: 0.0174 - mean_absolute_error: 0.0268 - val_loss: 0.0161 - val_mean_absolute_error: 0.0256
Epoch 8/500
 - 189s - loss: 0.0169 - mean_absolute_error: 0.0263 - val_loss: 0.0178 - val_mean_absolute_error: 0.0270
Epoch 9/500
 - 187s - loss: 0.0167 - mean_absolute_error: 0.0260 - val_loss: 0.0160 - val_mean_absolute_error: 0.0254
Epoch 10/500
 - 188s - loss: 0.0164 - mean_absolute_error: 0.0257 - val_loss: 0.0154 - val_mean_absolute_error: 0.0240
Epoch 11/500
 - 186s - loss: 0.0171 - mean_absolute_error: 0.0270 - val_loss: 0.0187 - val_mean_absolute_error: 0.0330
Epoch 12/500
 - 189s - loss: 0.0174 - mean_absolute_error: 0.0280 - val_loss: 0.0172 - val_mean_absolute_error: 0.0271
Epoch 13/500
 - 186s - loss: 0.0216 - mean_absolute_error: 0.0351 - val_loss: 0.0227 - val_mean_absolute_error: 0.0460

Epoch 00013: ReduceLROnPlateau reducing learning rate to 0.0005000000237487257.
Epoch 14/500
 - 185s - loss: 0.0170 - mean_absolute_error: 0.0326 - val_loss: 0.0194 - val_mean_absolute_error: 0.0324
Epoch 15/500
 - 184s - loss: 0.0167 - mean_absolute_error: 0.0294 - val_loss: 0.0153 - val_mean_absolute_error: 0.0278
Epoch 00015: early stopping
