dataset path: /home/dharmesh/Documents/neurocontroller-hotm/datasets_and_models/bebop_time/dataset.npy
output indices: [6, 7]
learning rule: adam
learning rate: 0.001
minibatch size: 512
hid layer dims: [50, 50, 50, 50, 50, 50]

Train on 9440000 samples, validate on 1180000 samples
Epoch 1/500
 - 151s - loss: 0.1026 - mean_absolute_error: 0.1098 - val_loss: 0.0523 - val_mean_absolute_error: 0.0656
Epoch 2/500
 - 144s - loss: 0.0346 - mean_absolute_error: 0.0463 - val_loss: 0.0237 - val_mean_absolute_error: 0.0362
Epoch 3/500
 - 144s - loss: 0.0240 - mean_absolute_error: 0.0357 - val_loss: 0.0191 - val_mean_absolute_error: 0.0331
Epoch 4/500
 - 144s - loss: 0.0205 - mean_absolute_error: 0.0317 - val_loss: 0.0211 - val_mean_absolute_error: 0.0309
Epoch 5/500
 - 144s - loss: 0.0188 - mean_absolute_error: 0.0294 - val_loss: 0.0175 - val_mean_absolute_error: 0.0292
Epoch 6/500
 - 144s - loss: 0.0178 - mean_absolute_error: 0.0279 - val_loss: 0.0172 - val_mean_absolute_error: 0.0272
Epoch 7/500
 - 144s - loss: 0.0170 - mean_absolute_error: 0.0269 - val_loss: 0.0161 - val_mean_absolute_error: 0.0268
Epoch 8/500
 - 144s - loss: 0.0165 - mean_absolute_error: 0.0263 - val_loss: 0.0152 - val_mean_absolute_error: 0.0256
Epoch 9/500
 - 144s - loss: 0.0161 - mean_absolute_error: 0.0257 - val_loss: 0.0159 - val_mean_absolute_error: 0.0259
Epoch 10/500
 - 144s - loss: 0.0157 - mean_absolute_error: 0.0254 - val_loss: 0.0146 - val_mean_absolute_error: 0.0237
Epoch 11/500
 - 144s - loss: 0.0155 - mean_absolute_error: 0.0250 - val_loss: 0.0147 - val_mean_absolute_error: 0.0241
Epoch 12/500
 - 144s - loss: 0.0153 - mean_absolute_error: 0.0248 - val_loss: 0.0143 - val_mean_absolute_error: 0.0234
Epoch 13/500
 - 144s - loss: 0.0151 - mean_absolute_error: 0.0245 - val_loss: 0.0178 - val_mean_absolute_error: 0.0268
Epoch 14/500
 - 143s - loss: 0.0149 - mean_absolute_error: 0.0243 - val_loss: 0.0144 - val_mean_absolute_error: 0.0234
Epoch 15/500
 - 144s - loss: 0.0148 - mean_absolute_error: 0.0241 - val_loss: 0.0140 - val_mean_absolute_error: 0.0235
Epoch 16/500
 - 144s - loss: 0.0146 - mean_absolute_error: 0.0240 - val_loss: 0.0141 - val_mean_absolute_error: 0.0230
Epoch 17/500
 - 144s - loss: 0.0145 - mean_absolute_error: 0.0239 - val_loss: 0.0138 - val_mean_absolute_error: 0.0234
Epoch 18/500
 - 144s - loss: 0.0144 - mean_absolute_error: 0.0238 - val_loss: 0.0137 - val_mean_absolute_error: 0.0227
Epoch 19/500
 - 144s - loss: 0.0144 - mean_absolute_error: 0.0237 - val_loss: 0.0146 - val_mean_absolute_error: 0.0253
Epoch 20/500
 - 144s - loss: 0.0142 - mean_absolute_error: 0.0235 - val_loss: 0.0146 - val_mean_absolute_error: 0.0243
Epoch 21/500
 - 144s - loss: 0.0142 - mean_absolute_error: 0.0234 - val_loss: 0.0141 - val_mean_absolute_error: 0.0239

Epoch 00021: ReduceLROnPlateau reducing learning rate to 0.0005000000237487257.
Epoch 22/500
 - 144s - loss: 0.0128 - mean_absolute_error: 0.0213 - val_loss: 0.0127 - val_mean_absolute_error: 0.0213
Epoch 23/500
 - 144s - loss: 0.0127 - mean_absolute_error: 0.0211 - val_loss: 0.0134 - val_mean_absolute_error: 0.0220
Epoch 24/500
 - 143s - loss: 0.0126 - mean_absolute_error: 0.0210 - val_loss: 0.0129 - val_mean_absolute_error: 0.0207
Epoch 25/500
 - 144s - loss: 0.0126 - mean_absolute_error: 0.0210 - val_loss: 0.0128 - val_mean_absolute_error: 0.0211
Epoch 26/500
 - 144s - loss: 0.0126 - mean_absolute_error: 0.0209 - val_loss: 0.0123 - val_mean_absolute_error: 0.0205
Epoch 27/500
 - 144s - loss: 0.0126 - mean_absolute_error: 0.0208 - val_loss: 0.0128 - val_mean_absolute_error: 0.0214
Epoch 28/500
 - 143s - loss: 0.0126 - mean_absolute_error: 0.0208 - val_loss: 0.0137 - val_mean_absolute_error: 0.0224
Epoch 29/500
 - 144s - loss: 0.0125 - mean_absolute_error: 0.0208 - val_loss: 0.0126 - val_mean_absolute_error: 0.0210

Epoch 00029: ReduceLROnPlateau reducing learning rate to 0.0002500000118743628.
Epoch 30/500
 - 144s - loss: 0.0119 - mean_absolute_error: 0.0197 - val_loss: 0.0121 - val_mean_absolute_error: 0.0199
Epoch 31/500
 - 144s - loss: 0.0119 - mean_absolute_error: 0.0197 - val_loss: 0.0124 - val_mean_absolute_error: 0.0209
Epoch 32/500
 - 143s - loss: 0.0118 - mean_absolute_error: 0.0196 - val_loss: 0.0120 - val_mean_absolute_error: 0.0196
Epoch 33/500
 - 144s - loss: 0.0118 - mean_absolute_error: 0.0196 - val_loss: 0.0120 - val_mean_absolute_error: 0.0201
Epoch 34/500
 - 143s - loss: 0.0118 - mean_absolute_error: 0.0195 - val_loss: 0.0118 - val_mean_absolute_error: 0.0193
Epoch 35/500
 - 143s - loss: 0.0118 - mean_absolute_error: 0.0195 - val_loss: 0.0122 - val_mean_absolute_error: 0.0202
Epoch 36/500
 - 144s - loss: 0.0118 - mean_absolute_error: 0.0195 - val_loss: 0.0119 - val_mean_absolute_error: 0.0194
Epoch 37/500
 - 144s - loss: 0.0118 - mean_absolute_error: 0.0194 - val_loss: 0.0121 - val_mean_absolute_error: 0.0206

Epoch 00037: ReduceLROnPlateau reducing learning rate to 0.0001250000059371814.
Epoch 38/500
 - 144s - loss: 0.0115 - mean_absolute_error: 0.0190 - val_loss: 0.0117 - val_mean_absolute_error: 0.0190
Epoch 39/500
 - 144s - loss: 0.0115 - mean_absolute_error: 0.0189 - val_loss: 0.0116 - val_mean_absolute_error: 0.0190
Epoch 40/500
 - 144s - loss: 0.0115 - mean_absolute_error: 0.0189 - val_loss: 0.0116 - val_mean_absolute_error: 0.0189
Epoch 41/500
 - 145s - loss: 0.0115 - mean_absolute_error: 0.0189 - val_loss: 0.0118 - val_mean_absolute_error: 0.0191
Epoch 42/500
 - 145s - loss: 0.0114 - mean_absolute_error: 0.0188 - val_loss: 0.0115 - val_mean_absolute_error: 0.0187
Epoch 43/500
 - 144s - loss: 0.0114 - mean_absolute_error: 0.0188 - val_loss: 0.0116 - val_mean_absolute_error: 0.0190
Epoch 44/500
 - 144s - loss: 0.0114 - mean_absolute_error: 0.0188 - val_loss: 0.0116 - val_mean_absolute_error: 0.0189
Epoch 45/500
 - 144s - loss: 0.0114 - mean_absolute_error: 0.0188 - val_loss: 0.0117 - val_mean_absolute_error: 0.0189

Epoch 00045: ReduceLROnPlateau reducing learning rate to 6.25000029685907e-05.
Epoch 46/500
 - 144s - loss: 0.0113 - mean_absolute_error: 0.0185 - val_loss: 0.0115 - val_mean_absolute_error: 0.0185
Epoch 47/500
 - 144s - loss: 0.0113 - mean_absolute_error: 0.0185 - val_loss: 0.0115 - val_mean_absolute_error: 0.0187
Epoch 48/500
 - 144s - loss: 0.0113 - mean_absolute_error: 0.0185 - val_loss: 0.0115 - val_mean_absolute_error: 0.0186
Epoch 49/500
 - 144s - loss: 0.0113 - mean_absolute_error: 0.0185 - val_loss: 0.0114 - val_mean_absolute_error: 0.0185

Epoch 00049: ReduceLROnPlateau reducing learning rate to 3.125000148429535e-05.
Epoch 50/500
 - 144s - loss: 0.0112 - mean_absolute_error: 0.0184 - val_loss: 0.0114 - val_mean_absolute_error: 0.0186
Epoch 51/500
 - 144s - loss: 0.0112 - mean_absolute_error: 0.0184 - val_loss: 0.0114 - val_mean_absolute_error: 0.0185
Epoch 52/500
 - 144s - loss: 0.0112 - mean_absolute_error: 0.0184 - val_loss: 0.0114 - val_mean_absolute_error: 0.0186
Epoch 53/500
 - 144s - loss: 0.0112 - mean_absolute_error: 0.0184 - val_loss: 0.0114 - val_mean_absolute_error: 0.0184
Epoch 54/500
 - 144s - loss: 0.0112 - mean_absolute_error: 0.0184 - val_loss: 0.0114 - val_mean_absolute_error: 0.0186
Epoch 55/500
 - 144s - loss: 0.0112 - mean_absolute_error: 0.0184 - val_loss: 0.0114 - val_mean_absolute_error: 0.0188
Epoch 56/500
 - 144s - loss: 0.0112 - mean_absolute_error: 0.0183 - val_loss: 0.0114 - val_mean_absolute_error: 0.0185

Epoch 00056: ReduceLROnPlateau reducing learning rate to 1.5625000742147677e-05.
Epoch 57/500
 - 144s - loss: 0.0111 - mean_absolute_error: 0.0183 - val_loss: 0.0114 - val_mean_absolute_error: 0.0185
Epoch 58/500
 - 144s - loss: 0.0111 - mean_absolute_error: 0.0183 - val_loss: 0.0114 - val_mean_absolute_error: 0.0185
Epoch 00058: early stopping
