dataset path: /home/dharmesh/Documents/neurocontroller-hotm/datasets_and_models/bebop/dataset.npy
output indices: [6, 7]
learning rule: adam
learning rate: 0.001
minibatch size: 512
hid layer dims: [200, 200, 200, 200, 200, 200]

Train on 9440000 samples, validate on 1180000 samples
Epoch 1/500
 - 140s - loss: 0.0063 - mean_absolute_error: 0.0315 - val_loss: 0.0032 - val_mean_absolute_error: 0.0157
Epoch 2/500
 - 138s - loss: 0.0032 - mean_absolute_error: 0.0170 - val_loss: 0.0029 - val_mean_absolute_error: 0.0128
Epoch 3/500
 - 140s - loss: 0.0029 - mean_absolute_error: 0.0127 - val_loss: 0.0028 - val_mean_absolute_error: 0.0110
Epoch 4/500
 - 139s - loss: 0.0028 - mean_absolute_error: 0.0112 - val_loss: 0.0028 - val_mean_absolute_error: 0.0111
Epoch 5/500
 - 139s - loss: 0.0028 - mean_absolute_error: 0.0107 - val_loss: 0.0028 - val_mean_absolute_error: 0.0095
Epoch 6/500
 - 143s - loss: 0.0027 - mean_absolute_error: 0.0102 - val_loss: 0.0028 - val_mean_absolute_error: 0.0103
Epoch 7/500
 - 140s - loss: 0.0027 - mean_absolute_error: 0.0100 - val_loss: 0.0027 - val_mean_absolute_error: 0.0094
Epoch 8/500
 - 143s - loss: 0.0027 - mean_absolute_error: 0.0096 - val_loss: 0.0028 - val_mean_absolute_error: 0.0098
Epoch 9/500
 - 141s - loss: 0.0028 - mean_absolute_error: 0.0101 - val_loss: 0.0027 - val_mean_absolute_error: 0.0084
Epoch 10/500
 - 141s - loss: 0.0027 - mean_absolute_error: 0.0096 - val_loss: 0.0027 - val_mean_absolute_error: 0.0098
Epoch 11/500
 - 140s - loss: 0.0027 - mean_absolute_error: 0.0095 - val_loss: 0.0027 - val_mean_absolute_error: 0.0086
Epoch 12/500
 - 139s - loss: 0.0027 - mean_absolute_error: 0.0093 - val_loss: 0.0027 - val_mean_absolute_error: 0.0088

Epoch 00012: ReduceLROnPlateau reducing learning rate to 0.0005000000237487257.
Epoch 13/500
 - 138s - loss: 0.0027 - mean_absolute_error: 0.0079 - val_loss: 0.0027 - val_mean_absolute_error: 0.0075
Epoch 14/500
 - 138s - loss: 0.0027 - mean_absolute_error: 0.0078 - val_loss: 0.0027 - val_mean_absolute_error: 0.0076
Epoch 15/500
 - 137s - loss: 0.0027 - mean_absolute_error: 0.0077 - val_loss: 0.0027 - val_mean_absolute_error: 0.0072
Epoch 16/500
 - 139s - loss: 0.0027 - mean_absolute_error: 0.0076 - val_loss: 0.0027 - val_mean_absolute_error: 0.0082
Epoch 17/500
 - 139s - loss: 0.0027 - mean_absolute_error: 0.0076 - val_loss: 0.0027 - val_mean_absolute_error: 0.0074
Epoch 18/500
 - 139s - loss: 0.0027 - mean_absolute_error: 0.0081 - val_loss: 0.0027 - val_mean_absolute_error: 0.0106

Epoch 00018: ReduceLROnPlateau reducing learning rate to 0.0002500000118743628.
Epoch 19/500
 - 139s - loss: 0.0026 - mean_absolute_error: 0.0070 - val_loss: 0.0027 - val_mean_absolute_error: 0.0071
Epoch 20/500
 - 139s - loss: 0.0026 - mean_absolute_error: 0.0069 - val_loss: 0.0027 - val_mean_absolute_error: 0.0071
Epoch 21/500
 - 139s - loss: 0.0026 - mean_absolute_error: 0.0069 - val_loss: 0.0027 - val_mean_absolute_error: 0.0068
Epoch 22/500
 - 140s - loss: 0.0026 - mean_absolute_error: 0.0069 - val_loss: 0.0027 - val_mean_absolute_error: 0.0068
Epoch 23/500
 - 139s - loss: 0.0026 - mean_absolute_error: 0.0068 - val_loss: 0.0027 - val_mean_absolute_error: 0.0066
Epoch 24/500
 - 140s - loss: 0.0026 - mean_absolute_error: 0.0068 - val_loss: 0.0027 - val_mean_absolute_error: 0.0066
Epoch 25/500
 - 139s - loss: 0.0026 - mean_absolute_error: 0.0068 - val_loss: 0.0027 - val_mean_absolute_error: 0.0067
Epoch 26/500
 - 141s - loss: 0.0026 - mean_absolute_error: 0.0068 - val_loss: 0.0027 - val_mean_absolute_error: 0.0067
Epoch 27/500
 - 140s - loss: 0.0026 - mean_absolute_error: 0.0068 - val_loss: 0.0027 - val_mean_absolute_error: 0.0069

Epoch 00027: ReduceLROnPlateau reducing learning rate to 0.0001250000059371814.
Epoch 28/500
 - 140s - loss: 0.0026 - mean_absolute_error: 0.0064 - val_loss: 0.0027 - val_mean_absolute_error: 0.0064
Epoch 29/500
 - 141s - loss: 0.0026 - mean_absolute_error: 0.0064 - val_loss: 0.0027 - val_mean_absolute_error: 0.0062
Epoch 30/500
 - 139s - loss: 0.0026 - mean_absolute_error: 0.0064 - val_loss: 0.0027 - val_mean_absolute_error: 0.0070
Epoch 31/500
 - 138s - loss: 0.0026 - mean_absolute_error: 0.0064 - val_loss: 0.0027 - val_mean_absolute_error: 0.0067
Epoch 32/500
 - 140s - loss: 0.0026 - mean_absolute_error: 0.0063 - val_loss: 0.0027 - val_mean_absolute_error: 0.0063

Epoch 00032: ReduceLROnPlateau reducing learning rate to 6.25000029685907e-05.
Epoch 33/500
 - 139s - loss: 0.0026 - mean_absolute_error: 0.0062 - val_loss: 0.0027 - val_mean_absolute_error: 0.0061
Epoch 34/500
 - 140s - loss: 0.0026 - mean_absolute_error: 0.0061 - val_loss: 0.0027 - val_mean_absolute_error: 0.0062
Epoch 35/500
 - 138s - loss: 0.0026 - mean_absolute_error: 0.0061 - val_loss: 0.0027 - val_mean_absolute_error: 0.0061
Epoch 36/500
 - 140s - loss: 0.0026 - mean_absolute_error: 0.0061 - val_loss: 0.0027 - val_mean_absolute_error: 0.0061
Epoch 37/500
 - 140s - loss: 0.0026 - mean_absolute_error: 0.0061 - val_loss: 0.0027 - val_mean_absolute_error: 0.0062
Epoch 38/500
 - 140s - loss: 0.0026 - mean_absolute_error: 0.0061 - val_loss: 0.0027 - val_mean_absolute_error: 0.0065

Epoch 00038: ReduceLROnPlateau reducing learning rate to 3.125000148429535e-05.
Epoch 39/500
 - 139s - loss: 0.0026 - mean_absolute_error: 0.0060 - val_loss: 0.0027 - val_mean_absolute_error: 0.0060
Epoch 40/500
 - 139s - loss: 0.0026 - mean_absolute_error: 0.0060 - val_loss: 0.0027 - val_mean_absolute_error: 0.0061
Epoch 41/500
 - 141s - loss: 0.0026 - mean_absolute_error: 0.0060 - val_loss: 0.0027 - val_mean_absolute_error: 0.0060
Epoch 42/500
 - 140s - loss: 0.0026 - mean_absolute_error: 0.0060 - val_loss: 0.0027 - val_mean_absolute_error: 0.0061
Epoch 43/500
 - 140s - loss: 0.0026 - mean_absolute_error: 0.0060 - val_loss: 0.0027 - val_mean_absolute_error: 0.0061
Epoch 44/500
 - 139s - loss: 0.0026 - mean_absolute_error: 0.0060 - val_loss: 0.0027 - val_mean_absolute_error: 0.0061

Epoch 00044: ReduceLROnPlateau reducing learning rate to 1.5625000742147677e-05.
Epoch 45/500
 - 140s - loss: 0.0026 - mean_absolute_error: 0.0059 - val_loss: 0.0027 - val_mean_absolute_error: 0.0060
Epoch 46/500
 - 141s - loss: 0.0026 - mean_absolute_error: 0.0059 - val_loss: 0.0027 - val_mean_absolute_error: 0.0060
Epoch 47/500
 - 139s - loss: 0.0026 - mean_absolute_error: 0.0059 - val_loss: 0.0027 - val_mean_absolute_error: 0.0060
Epoch 48/500
 - 139s - loss: 0.0026 - mean_absolute_error: 0.0059 - val_loss: 0.0027 - val_mean_absolute_error: 0.0060
Epoch 49/500
 - 140s - loss: 0.0026 - mean_absolute_error: 0.0059 - val_loss: 0.0027 - val_mean_absolute_error: 0.0060
Epoch 50/500
 - 137s - loss: 0.0026 - mean_absolute_error: 0.0059 - val_loss: 0.0027 - val_mean_absolute_error: 0.0060
Epoch 51/500
 - 135s - loss: 0.0026 - mean_absolute_error: 0.0059 - val_loss: 0.0027 - val_mean_absolute_error: 0.0060

Epoch 00051: ReduceLROnPlateau reducing learning rate to 7.812500371073838e-06.
Epoch 52/500
 - 131s - loss: 0.0026 - mean_absolute_error: 0.0059 - val_loss: 0.0027 - val_mean_absolute_error: 0.0060
Epoch 53/500
 - 136s - loss: 0.0026 - mean_absolute_error: 0.0059 - val_loss: 0.0027 - val_mean_absolute_error: 0.0059
Epoch 54/500
 - 139s - loss: 0.0026 - mean_absolute_error: 0.0059 - val_loss: 0.0027 - val_mean_absolute_error: 0.0059
Epoch 55/500
 - 141s - loss: 0.0026 - mean_absolute_error: 0.0059 - val_loss: 0.0027 - val_mean_absolute_error: 0.0060
Epoch 56/500
 - 140s - loss: 0.0026 - mean_absolute_error: 0.0059 - val_loss: 0.0027 - val_mean_absolute_error: 0.0059
Epoch 57/500
 - 140s - loss: 0.0026 - mean_absolute_error: 0.0059 - val_loss: 0.0027 - val_mean_absolute_error: 0.0059
Epoch 58/500
 - 140s - loss: 0.0026 - mean_absolute_error: 0.0059 - val_loss: 0.0027 - val_mean_absolute_error: 0.0060
Epoch 59/500
 - 141s - loss: 0.0026 - mean_absolute_error: 0.0059 - val_loss: 0.0027 - val_mean_absolute_error: 0.0059
Epoch 60/500
 - 140s - loss: 0.0026 - mean_absolute_error: 0.0059 - val_loss: 0.0027 - val_mean_absolute_error: 0.0060
Epoch 61/500
 - 140s - loss: 0.0026 - mean_absolute_error: 0.0059 - val_loss: 0.0027 - val_mean_absolute_error: 0.0059
Epoch 62/500
 - 139s - loss: 0.0026 - mean_absolute_error: 0.0059 - val_loss: 0.0027 - val_mean_absolute_error: 0.0059

Epoch 00062: ReduceLROnPlateau reducing learning rate to 3.906250185536919e-06.
Epoch 63/500
 - 140s - loss: 0.0026 - mean_absolute_error: 0.0059 - val_loss: 0.0027 - val_mean_absolute_error: 0.0059
Epoch 64/500
 - 140s - loss: 0.0026 - mean_absolute_error: 0.0058 - val_loss: 0.0027 - val_mean_absolute_error: 0.0059
Epoch 65/500
 - 140s - loss: 0.0026 - mean_absolute_error: 0.0058 - val_loss: 0.0027 - val_mean_absolute_error: 0.0059
Epoch 66/500
 - 141s - loss: 0.0026 - mean_absolute_error: 0.0059 - val_loss: 0.0027 - val_mean_absolute_error: 0.0059
Epoch 67/500
 - 139s - loss: 0.0026 - mean_absolute_error: 0.0058 - val_loss: 0.0027 - val_mean_absolute_error: 0.0059
Epoch 68/500
 - 141s - loss: 0.0026 - mean_absolute_error: 0.0058 - val_loss: 0.0027 - val_mean_absolute_error: 0.0059
Epoch 69/500
 - 140s - loss: 0.0026 - mean_absolute_error: 0.0058 - val_loss: 0.0027 - val_mean_absolute_error: 0.0059
Epoch 70/500
 - 141s - loss: 0.0026 - mean_absolute_error: 0.0058 - val_loss: 0.0027 - val_mean_absolute_error: 0.0059
Epoch 71/500
 - 141s - loss: 0.0026 - mean_absolute_error: 0.0058 - val_loss: 0.0027 - val_mean_absolute_error: 0.0059
Epoch 72/500
 - 142s - loss: 0.0026 - mean_absolute_error: 0.0058 - val_loss: 0.0027 - val_mean_absolute_error: 0.0059

Epoch 00072: ReduceLROnPlateau reducing learning rate to 1.9531250927684596e-06.
Epoch 73/500
 - 143s - loss: 0.0026 - mean_absolute_error: 0.0058 - val_loss: 0.0027 - val_mean_absolute_error: 0.0059
Epoch 74/500
 - 142s - loss: 0.0026 - mean_absolute_error: 0.0058 - val_loss: 0.0027 - val_mean_absolute_error: 0.0059
Epoch 75/500
 - 142s - loss: 0.0026 - mean_absolute_error: 0.0058 - val_loss: 0.0027 - val_mean_absolute_error: 0.0059
Epoch 76/500
 - 142s - loss: 0.0026 - mean_absolute_error: 0.0058 - val_loss: 0.0027 - val_mean_absolute_error: 0.0059

Epoch 00076: ReduceLROnPlateau reducing learning rate to 1e-06.
Epoch 77/500
 - 143s - loss: 0.0026 - mean_absolute_error: 0.0058 - val_loss: 0.0027 - val_mean_absolute_error: 0.0059
Epoch 78/500
 - 141s - loss: 0.0026 - mean_absolute_error: 0.0058 - val_loss: 0.0027 - val_mean_absolute_error: 0.0059
Epoch 79/500
 - 143s - loss: 0.0026 - mean_absolute_error: 0.0058 - val_loss: 0.0027 - val_mean_absolute_error: 0.0059
Epoch 80/500
 - 141s - loss: 0.0026 - mean_absolute_error: 0.0058 - val_loss: 0.0027 - val_mean_absolute_error: 0.0059
Epoch 81/500
 - 141s - loss: 0.0026 - mean_absolute_error: 0.0058 - val_loss: 0.0027 - val_mean_absolute_error: 0.0059
Epoch 82/500
 - 142s - loss: 0.0026 - mean_absolute_error: 0.0058 - val_loss: 0.0027 - val_mean_absolute_error: 0.0059
Epoch 83/500
 - 141s - loss: 0.0026 - mean_absolute_error: 0.0058 - val_loss: 0.0027 - val_mean_absolute_error: 0.0059
Epoch 84/500
 - 142s - loss: 0.0026 - mean_absolute_error: 0.0058 - val_loss: 0.0027 - val_mean_absolute_error: 0.0059
Epoch 85/500
 - 141s - loss: 0.0026 - mean_absolute_error: 0.0058 - val_loss: 0.0027 - val_mean_absolute_error: 0.0059
Epoch 86/500
 - 141s - loss: 0.0026 - mean_absolute_error: 0.0058 - val_loss: 0.0027 - val_mean_absolute_error: 0.0059
Epoch 87/500
 - 136s - loss: 0.0026 - mean_absolute_error: 0.0058 - val_loss: 0.0027 - val_mean_absolute_error: 0.0059
Epoch 88/500
 - 139s - loss: 0.0026 - mean_absolute_error: 0.0058 - val_loss: 0.0027 - val_mean_absolute_error: 0.0059
Epoch 89/500
 - 141s - loss: 0.0026 - mean_absolute_error: 0.0058 - val_loss: 0.0027 - val_mean_absolute_error: 0.0059
Epoch 90/500
 - 140s - loss: 0.0026 - mean_absolute_error: 0.0058 - val_loss: 0.0027 - val_mean_absolute_error: 0.0059
Epoch 91/500
 - 139s - loss: 0.0026 - mean_absolute_error: 0.0058 - val_loss: 0.0027 - val_mean_absolute_error: 0.0059
Epoch 92/500
 - 142s - loss: 0.0026 - mean_absolute_error: 0.0058 - val_loss: 0.0027 - val_mean_absolute_error: 0.0059
Epoch 93/500
 - 140s - loss: 0.0026 - mean_absolute_error: 0.0058 - val_loss: 0.0027 - val_mean_absolute_error: 0.0059
Epoch 94/500
 - 140s - loss: 0.0026 - mean_absolute_error: 0.0058 - val_loss: 0.0027 - val_mean_absolute_error: 0.0059
Epoch 95/500
 - 141s - loss: 0.0026 - mean_absolute_error: 0.0058 - val_loss: 0.0027 - val_mean_absolute_error: 0.0059
Epoch 96/500
 - 141s - loss: 0.0026 - mean_absolute_error: 0.0058 - val_loss: 0.0027 - val_mean_absolute_error: 0.0059
Epoch 97/500
 - 141s - loss: 0.0026 - mean_absolute_error: 0.0058 - val_loss: 0.0027 - val_mean_absolute_error: 0.0059
Epoch 00097: early stopping
