dataset path: /home/dharmesh/Documents/neurocontroller-hotm/datasets_and_models/bebop/dataset.npy
output indices: [6, 7]
learning rule: adam
learning rate: 0.001
minibatch size: 512
hid layer dims: [100, 100, 100, 100, 100, 100, 100, 100, 100, 100]

Train on 9440000 samples, validate on 1180000 samples
Epoch 1/500
 - 186s - loss: 0.0057 - mean_absolute_error: 0.0291 - val_loss: 0.0034 - val_mean_absolute_error: 0.0199
Epoch 2/500
 - 185s - loss: 0.0032 - mean_absolute_error: 0.0160 - val_loss: 0.0031 - val_mean_absolute_error: 0.0165
Epoch 3/500
 - 182s - loss: 0.0030 - mean_absolute_error: 0.0136 - val_loss: 0.0031 - val_mean_absolute_error: 0.0168
Epoch 4/500
 - 185s - loss: 0.0029 - mean_absolute_error: 0.0130 - val_loss: 0.0028 - val_mean_absolute_error: 0.0107
Epoch 5/500
 - 186s - loss: 0.0029 - mean_absolute_error: 0.0127 - val_loss: 0.0028 - val_mean_absolute_error: 0.0109
Epoch 6/500
 - 185s - loss: 0.0029 - mean_absolute_error: 0.0122 - val_loss: 0.0028 - val_mean_absolute_error: 0.0108
Epoch 7/500
 - 187s - loss: 0.0028 - mean_absolute_error: 0.0109 - val_loss: 0.0030 - val_mean_absolute_error: 0.0144

Epoch 00007: ReduceLROnPlateau reducing learning rate to 0.0005000000237487257.
Epoch 8/500
 - 186s - loss: 0.0027 - mean_absolute_error: 0.0090 - val_loss: 0.0027 - val_mean_absolute_error: 0.0086
Epoch 9/500
 - 185s - loss: 0.0027 - mean_absolute_error: 0.0091 - val_loss: 0.0028 - val_mean_absolute_error: 0.0108
Epoch 10/500
 - 184s - loss: 0.0027 - mean_absolute_error: 0.0087 - val_loss: 0.0027 - val_mean_absolute_error: 0.0089
Epoch 11/500
 - 185s - loss: 0.0027 - mean_absolute_error: 0.0086 - val_loss: 0.0027 - val_mean_absolute_error: 0.0081
Epoch 12/500
 - 185s - loss: 0.0027 - mean_absolute_error: 0.0085 - val_loss: 0.0027 - val_mean_absolute_error: 0.0085
Epoch 13/500
 - 185s - loss: 0.0027 - mean_absolute_error: 0.0085 - val_loss: 0.0027 - val_mean_absolute_error: 0.0091
Epoch 14/500
 - 180s - loss: 0.0027 - mean_absolute_error: 0.0083 - val_loss: 0.0027 - val_mean_absolute_error: 0.0080
Epoch 15/500
 - 185s - loss: 0.0027 - mean_absolute_error: 0.0083 - val_loss: 0.0027 - val_mean_absolute_error: 0.0088
Epoch 16/500
 - 183s - loss: 0.0027 - mean_absolute_error: 0.0084 - val_loss: 0.0027 - val_mean_absolute_error: 0.0084
Epoch 17/500
 - 173s - loss: 0.0027 - mean_absolute_error: 0.0084 - val_loss: 0.0027 - val_mean_absolute_error: 0.0076
Epoch 18/500
 - 178s - loss: 0.0027 - mean_absolute_error: 0.0085 - val_loss: 0.0027 - val_mean_absolute_error: 0.0077
Epoch 19/500
 - 180s - loss: 0.0027 - mean_absolute_error: 0.0084 - val_loss: 0.0027 - val_mean_absolute_error: 0.0084
Epoch 20/500
 - 172s - loss: 0.0027 - mean_absolute_error: 0.0082 - val_loss: 0.0027 - val_mean_absolute_error: 0.0081

Epoch 00020: ReduceLROnPlateau reducing learning rate to 0.0002500000118743628.
Epoch 21/500
 - 179s - loss: 0.0026 - mean_absolute_error: 0.0074 - val_loss: 0.0027 - val_mean_absolute_error: 0.0070
Epoch 22/500
 - 169s - loss: 0.0026 - mean_absolute_error: 0.0074 - val_loss: 0.0027 - val_mean_absolute_error: 0.0070
Epoch 23/500
 - 169s - loss: 0.0026 - mean_absolute_error: 0.0072 - val_loss: 0.0027 - val_mean_absolute_error: 0.0071
Epoch 24/500
 - 169s - loss: 0.0026 - mean_absolute_error: 0.0072 - val_loss: 0.0027 - val_mean_absolute_error: 0.0073
Epoch 25/500
 - 167s - loss: 0.0026 - mean_absolute_error: 0.0072 - val_loss: 0.0027 - val_mean_absolute_error: 0.0068
Epoch 26/500
 - 168s - loss: 0.0026 - mean_absolute_error: 0.0072 - val_loss: 0.0027 - val_mean_absolute_error: 0.0068
Epoch 27/500
 - 179s - loss: 0.0026 - mean_absolute_error: 0.0071 - val_loss: 0.0027 - val_mean_absolute_error: 0.0071
Epoch 28/500
 - 184s - loss: 0.0026 - mean_absolute_error: 0.0072 - val_loss: 0.0027 - val_mean_absolute_error: 0.0069

Epoch 00028: ReduceLROnPlateau reducing learning rate to 0.0001250000059371814.
Epoch 29/500
 - 188s - loss: 0.0026 - mean_absolute_error: 0.0067 - val_loss: 0.0027 - val_mean_absolute_error: 0.0065
Epoch 30/500
 - 185s - loss: 0.0026 - mean_absolute_error: 0.0069 - val_loss: 0.0027 - val_mean_absolute_error: 0.0065
Epoch 31/500
 - 186s - loss: 0.0026 - mean_absolute_error: 0.0066 - val_loss: 0.0027 - val_mean_absolute_error: 0.0067
Epoch 32/500
 - 187s - loss: 0.0026 - mean_absolute_error: 0.0066 - val_loss: 0.0027 - val_mean_absolute_error: 0.0067

Epoch 00032: ReduceLROnPlateau reducing learning rate to 6.25000029685907e-05.
Epoch 33/500
 - 196s - loss: 0.0026 - mean_absolute_error: 0.0063 - val_loss: 0.0027 - val_mean_absolute_error: 0.0063
Epoch 34/500
 - 197s - loss: 0.0026 - mean_absolute_error: 0.0063 - val_loss: 0.0027 - val_mean_absolute_error: 0.0062
Epoch 35/500
 - 196s - loss: 0.0026 - mean_absolute_error: 0.0063 - val_loss: 0.0027 - val_mean_absolute_error: 0.0063
Epoch 36/500
 - 199s - loss: 0.0026 - mean_absolute_error: 0.0063 - val_loss: 0.0027 - val_mean_absolute_error: 0.0062
Epoch 37/500
 - 198s - loss: 0.0026 - mean_absolute_error: 0.0063 - val_loss: 0.0027 - val_mean_absolute_error: 0.0062

Epoch 00037: ReduceLROnPlateau reducing learning rate to 3.125000148429535e-05.
Epoch 38/500
 - 193s - loss: 0.0026 - mean_absolute_error: 0.0062 - val_loss: 0.0027 - val_mean_absolute_error: 0.0061
Epoch 39/500
 - 194s - loss: 0.0026 - mean_absolute_error: 0.0062 - val_loss: 0.0027 - val_mean_absolute_error: 0.0062
Epoch 40/500
 - 197s - loss: 0.0026 - mean_absolute_error: 0.0061 - val_loss: 0.0027 - val_mean_absolute_error: 0.0062
Epoch 41/500
 - 194s - loss: 0.0026 - mean_absolute_error: 0.0061 - val_loss: 0.0027 - val_mean_absolute_error: 0.0061
Epoch 42/500
 - 194s - loss: 0.0026 - mean_absolute_error: 0.0061 - val_loss: 0.0027 - val_mean_absolute_error: 0.0062
Epoch 43/500
 - 189s - loss: 0.0026 - mean_absolute_error: 0.0061 - val_loss: 0.0027 - val_mean_absolute_error: 0.0063
Epoch 44/500
 - 189s - loss: 0.0026 - mean_absolute_error: 0.0061 - val_loss: 0.0027 - val_mean_absolute_error: 0.0062

Epoch 00044: ReduceLROnPlateau reducing learning rate to 1.5625000742147677e-05.
Epoch 45/500
 - 191s - loss: 0.0026 - mean_absolute_error: 0.0061 - val_loss: 0.0027 - val_mean_absolute_error: 0.0064
Epoch 46/500
 - 192s - loss: 0.0026 - mean_absolute_error: 0.0061 - val_loss: 0.0027 - val_mean_absolute_error: 0.0062
Epoch 00046: early stopping
