dataset path: /home/dharmesh/Documents/neurocontroller-hotm/datasets_and_models/bebop_time/dataset.npy
output indices: [6, 7]
learning rule: adam
learning rate: 0.001
minibatch size: 512
hid layer dims: [100, 100, 100, 100, 100, 100, 100, 100]

Train on 9440000 samples, validate on 1180000 samples
Epoch 1/500
 - 168s - loss: 0.0737 - mean_absolute_error: 0.0857 - val_loss: 0.0332 - val_mean_absolute_error: 0.0403
Epoch 2/500
 - 164s - loss: 0.0267 - mean_absolute_error: 0.0378 - val_loss: 0.0258 - val_mean_absolute_error: 0.0370
Epoch 3/500
 - 165s - loss: 0.0219 - mean_absolute_error: 0.0320 - val_loss: 0.0176 - val_mean_absolute_error: 0.0280
Epoch 4/500
 - 164s - loss: 0.0199 - mean_absolute_error: 0.0295 - val_loss: 0.0210 - val_mean_absolute_error: 0.0304
Epoch 5/500
 - 165s - loss: 0.0185 - mean_absolute_error: 0.0280 - val_loss: 0.0173 - val_mean_absolute_error: 0.0264
Epoch 6/500
 - 166s - loss: 0.0178 - mean_absolute_error: 0.0273 - val_loss: 0.0155 - val_mean_absolute_error: 0.0245
Epoch 7/500
 - 165s - loss: 0.0172 - mean_absolute_error: 0.0266 - val_loss: 0.0287 - val_mean_absolute_error: 0.0368
Epoch 8/500
 - 164s - loss: 0.0167 - mean_absolute_error: 0.0261 - val_loss: 0.0152 - val_mean_absolute_error: 0.0248
Epoch 9/500
 - 166s - loss: 0.0162 - mean_absolute_error: 0.0256 - val_loss: 0.0157 - val_mean_absolute_error: 0.0247

Epoch 00009: ReduceLROnPlateau reducing learning rate to 0.0005000000237487257.
Epoch 10/500
 - 165s - loss: 0.0137 - mean_absolute_error: 0.0219 - val_loss: 0.0133 - val_mean_absolute_error: 0.0211
Epoch 11/500
 - 165s - loss: 0.0135 - mean_absolute_error: 0.0216 - val_loss: 0.0134 - val_mean_absolute_error: 0.0217
Epoch 12/500
 - 167s - loss: 0.0135 - mean_absolute_error: 0.0216 - val_loss: 0.0148 - val_mean_absolute_error: 0.0229
Epoch 13/500
 - 165s - loss: 0.0134 - mean_absolute_error: 0.0214 - val_loss: 0.0132 - val_mean_absolute_error: 0.0212

Epoch 00013: ReduceLROnPlateau reducing learning rate to 0.0002500000118743628.
Epoch 14/500
 - 166s - loss: 0.0123 - mean_absolute_error: 0.0195 - val_loss: 0.0125 - val_mean_absolute_error: 0.0195
Epoch 15/500
 - 166s - loss: 0.0122 - mean_absolute_error: 0.0193 - val_loss: 0.0123 - val_mean_absolute_error: 0.0201
Epoch 16/500
 - 167s - loss: 0.0121 - mean_absolute_error: 0.0193 - val_loss: 0.0119 - val_mean_absolute_error: 0.0190
Epoch 17/500
 - 166s - loss: 0.0121 - mean_absolute_error: 0.0192 - val_loss: 0.0122 - val_mean_absolute_error: 0.0196
Epoch 18/500
 - 164s - loss: 0.0121 - mean_absolute_error: 0.0191 - val_loss: 0.0133 - val_mean_absolute_error: 0.0201
Epoch 19/500
 - 166s - loss: 0.0121 - mean_absolute_error: 0.0191 - val_loss: 0.0125 - val_mean_absolute_error: 0.0201

Epoch 00019: ReduceLROnPlateau reducing learning rate to 0.0001250000059371814.
Epoch 20/500
 - 165s - loss: 0.0115 - mean_absolute_error: 0.0182 - val_loss: 0.0115 - val_mean_absolute_error: 0.0178
Epoch 21/500
 - 165s - loss: 0.0115 - mean_absolute_error: 0.0181 - val_loss: 0.0119 - val_mean_absolute_error: 0.0186
Epoch 22/500
 - 167s - loss: 0.0115 - mean_absolute_error: 0.0180 - val_loss: 0.0118 - val_mean_absolute_error: 0.0182
Epoch 23/500
 - 166s - loss: 0.0115 - mean_absolute_error: 0.0180 - val_loss: 0.0118 - val_mean_absolute_error: 0.0182

Epoch 00023: ReduceLROnPlateau reducing learning rate to 6.25000029685907e-05.
Epoch 24/500
 - 167s - loss: 0.0112 - mean_absolute_error: 0.0175 - val_loss: 0.0114 - val_mean_absolute_error: 0.0178
Epoch 25/500
 - 168s - loss: 0.0112 - mean_absolute_error: 0.0175 - val_loss: 0.0113 - val_mean_absolute_error: 0.0175
Epoch 26/500
 - 166s - loss: 0.0111 - mean_absolute_error: 0.0174 - val_loss: 0.0113 - val_mean_absolute_error: 0.0175
Epoch 27/500
 - 167s - loss: 0.0111 - mean_absolute_error: 0.0174 - val_loss: 0.0113 - val_mean_absolute_error: 0.0175
Epoch 28/500
 - 165s - loss: 0.0111 - mean_absolute_error: 0.0174 - val_loss: 0.0114 - val_mean_absolute_error: 0.0175

Epoch 00028: ReduceLROnPlateau reducing learning rate to 3.125000148429535e-05.
Epoch 29/500
 - 167s - loss: 0.0110 - mean_absolute_error: 0.0171 - val_loss: 0.0112 - val_mean_absolute_error: 0.0176
Epoch 30/500
 - 167s - loss: 0.0110 - mean_absolute_error: 0.0171 - val_loss: 0.0112 - val_mean_absolute_error: 0.0173
Epoch 31/500
 - 167s - loss: 0.0110 - mean_absolute_error: 0.0171 - val_loss: 0.0113 - val_mean_absolute_error: 0.0175
Epoch 32/500
 - 165s - loss: 0.0110 - mean_absolute_error: 0.0171 - val_loss: 0.0112 - val_mean_absolute_error: 0.0172
Epoch 33/500
 - 166s - loss: 0.0110 - mean_absolute_error: 0.0171 - val_loss: 0.0112 - val_mean_absolute_error: 0.0173
Epoch 34/500
 - 168s - loss: 0.0110 - mean_absolute_error: 0.0171 - val_loss: 0.0114 - val_mean_absolute_error: 0.0179
Epoch 35/500
 - 167s - loss: 0.0110 - mean_absolute_error: 0.0170 - val_loss: 0.0113 - val_mean_absolute_error: 0.0172
Epoch 36/500
 - 167s - loss: 0.0110 - mean_absolute_error: 0.0170 - val_loss: 0.0113 - val_mean_absolute_error: 0.0173
Epoch 37/500
 - 166s - loss: 0.0110 - mean_absolute_error: 0.0170 - val_loss: 0.0112 - val_mean_absolute_error: 0.0172
Epoch 38/500
 - 168s - loss: 0.0109 - mean_absolute_error: 0.0170 - val_loss: 0.0112 - val_mean_absolute_error: 0.0172
Epoch 39/500
 - 167s - loss: 0.0109 - mean_absolute_error: 0.0170 - val_loss: 0.0113 - val_mean_absolute_error: 0.0173
Epoch 40/500
 - 168s - loss: 0.0109 - mean_absolute_error: 0.0170 - val_loss: 0.0113 - val_mean_absolute_error: 0.0172
Epoch 41/500
 - 170s - loss: 0.0109 - mean_absolute_error: 0.0170 - val_loss: 0.0112 - val_mean_absolute_error: 0.0172

Epoch 00041: ReduceLROnPlateau reducing learning rate to 1.5625000742147677e-05.
Epoch 42/500
 - 168s - loss: 0.0109 - mean_absolute_error: 0.0169 - val_loss: 0.0112 - val_mean_absolute_error: 0.0170
Epoch 43/500
 - 167s - loss: 0.0109 - mean_absolute_error: 0.0169 - val_loss: 0.0112 - val_mean_absolute_error: 0.0170
Epoch 44/500
 - 168s - loss: 0.0109 - mean_absolute_error: 0.0168 - val_loss: 0.0112 - val_mean_absolute_error: 0.0171
Epoch 45/500
 - 169s - loss: 0.0109 - mean_absolute_error: 0.0168 - val_loss: 0.0112 - val_mean_absolute_error: 0.0171

Epoch 00045: ReduceLROnPlateau reducing learning rate to 7.812500371073838e-06.
Epoch 46/500
 - 168s - loss: 0.0108 - mean_absolute_error: 0.0168 - val_loss: 0.0112 - val_mean_absolute_error: 0.0170
Epoch 47/500
 - 169s - loss: 0.0108 - mean_absolute_error: 0.0168 - val_loss: 0.0112 - val_mean_absolute_error: 0.0170
Epoch 00047: early stopping
