dataset path: /home/dharmesh/Documents/neurocontroller-hotm/datasets_and_models/bebop/dataset.npy
output indices: [6, 7]
learning rule: adam
learning rate: 0.001
minibatch size: 512
hid layer dims: [200, 200, 200, 200, 200]

Train on 9440000 samples, validate on 1180000 samples
Epoch 1/500
 - 140s - loss: 0.0065 - mean_absolute_error: 0.0323 - val_loss: 0.0033 - val_mean_absolute_error: 0.0176
Epoch 2/500
 - 129s - loss: 0.0032 - mean_absolute_error: 0.0175 - val_loss: 0.0030 - val_mean_absolute_error: 0.0128
Epoch 3/500
 - 129s - loss: 0.0030 - mean_absolute_error: 0.0136 - val_loss: 0.0029 - val_mean_absolute_error: 0.0131
Epoch 4/500
 - 130s - loss: 0.0028 - mean_absolute_error: 0.0118 - val_loss: 0.0028 - val_mean_absolute_error: 0.0102
Epoch 5/500
 - 130s - loss: 0.0028 - mean_absolute_error: 0.0108 - val_loss: 0.0028 - val_mean_absolute_error: 0.0109
Epoch 6/500
 - 131s - loss: 0.0027 - mean_absolute_error: 0.0104 - val_loss: 0.0027 - val_mean_absolute_error: 0.0092
Epoch 7/500
 - 132s - loss: 0.0027 - mean_absolute_error: 0.0102 - val_loss: 0.0028 - val_mean_absolute_error: 0.0102
Epoch 8/500
 - 131s - loss: 0.0027 - mean_absolute_error: 0.0099 - val_loss: 0.0027 - val_mean_absolute_error: 0.0094
Epoch 9/500
 - 131s - loss: 0.0027 - mean_absolute_error: 0.0098 - val_loss: 0.0027 - val_mean_absolute_error: 0.0091
Epoch 10/500
 - 130s - loss: 0.0027 - mean_absolute_error: 0.0096 - val_loss: 0.0027 - val_mean_absolute_error: 0.0097
Epoch 11/500
 - 130s - loss: 0.0027 - mean_absolute_error: 0.0095 - val_loss: 0.0027 - val_mean_absolute_error: 0.0093
Epoch 12/500
 - 128s - loss: 0.0027 - mean_absolute_error: 0.0094 - val_loss: 0.0027 - val_mean_absolute_error: 0.0090
Epoch 13/500
 - 128s - loss: 0.0027 - mean_absolute_error: 0.0092 - val_loss: 0.0028 - val_mean_absolute_error: 0.0117
Epoch 14/500
 - 128s - loss: 0.0027 - mean_absolute_error: 0.0091 - val_loss: 0.0027 - val_mean_absolute_error: 0.0081
Epoch 15/500
 - 127s - loss: 0.0027 - mean_absolute_error: 0.0092 - val_loss: 0.0027 - val_mean_absolute_error: 0.0090
Epoch 16/500
 - 127s - loss: 0.0027 - mean_absolute_error: 0.0090 - val_loss: 0.0027 - val_mean_absolute_error: 0.0088
Epoch 17/500
 - 127s - loss: 0.0027 - mean_absolute_error: 0.0090 - val_loss: 0.0027 - val_mean_absolute_error: 0.0086

Epoch 00017: ReduceLROnPlateau reducing learning rate to 0.0005000000237487257.
Epoch 18/500
 - 128s - loss: 0.0027 - mean_absolute_error: 0.0077 - val_loss: 0.0027 - val_mean_absolute_error: 0.0074
Epoch 19/500
 - 128s - loss: 0.0027 - mean_absolute_error: 0.0077 - val_loss: 0.0027 - val_mean_absolute_error: 0.0072
Epoch 20/500
 - 128s - loss: 0.0026 - mean_absolute_error: 0.0076 - val_loss: 0.0027 - val_mean_absolute_error: 0.0072
Epoch 21/500
 - 124s - loss: 0.0027 - mean_absolute_error: 0.0076 - val_loss: 0.0027 - val_mean_absolute_error: 0.0073
Epoch 22/500
 - 124s - loss: 0.0026 - mean_absolute_error: 0.0075 - val_loss: 0.0027 - val_mean_absolute_error: 0.0072
Epoch 23/500
 - 124s - loss: 0.0026 - mean_absolute_error: 0.0075 - val_loss: 0.0027 - val_mean_absolute_error: 0.0080

Epoch 00023: ReduceLROnPlateau reducing learning rate to 0.0002500000118743628.
Epoch 24/500
 - 124s - loss: 0.0026 - mean_absolute_error: 0.0068 - val_loss: 0.0027 - val_mean_absolute_error: 0.0068
Epoch 25/500
 - 124s - loss: 0.0026 - mean_absolute_error: 0.0068 - val_loss: 0.0027 - val_mean_absolute_error: 0.0071
Epoch 26/500
 - 124s - loss: 0.0026 - mean_absolute_error: 0.0068 - val_loss: 0.0027 - val_mean_absolute_error: 0.0065
Epoch 27/500
 - 124s - loss: 0.0026 - mean_absolute_error: 0.0067 - val_loss: 0.0027 - val_mean_absolute_error: 0.0066
Epoch 28/500
 - 124s - loss: 0.0026 - mean_absolute_error: 0.0068 - val_loss: 0.0027 - val_mean_absolute_error: 0.0068
Epoch 29/500
 - 123s - loss: 0.0026 - mean_absolute_error: 0.0067 - val_loss: 0.0027 - val_mean_absolute_error: 0.0109

Epoch 00029: ReduceLROnPlateau reducing learning rate to 0.0001250000059371814.
Epoch 30/500
 - 127s - loss: 0.0026 - mean_absolute_error: 0.0064 - val_loss: 0.0027 - val_mean_absolute_error: 0.0063
Epoch 31/500
 - 127s - loss: 0.0026 - mean_absolute_error: 0.0064 - val_loss: 0.0027 - val_mean_absolute_error: 0.0064
Epoch 32/500
 - 129s - loss: 0.0026 - mean_absolute_error: 0.0063 - val_loss: 0.0027 - val_mean_absolute_error: 0.0072
Epoch 33/500
 - 129s - loss: 0.0026 - mean_absolute_error: 0.0063 - val_loss: 0.0027 - val_mean_absolute_error: 0.0063
Epoch 34/500
 - 130s - loss: 0.0026 - mean_absolute_error: 0.0063 - val_loss: 0.0027 - val_mean_absolute_error: 0.0062
Epoch 35/500
 - 125s - loss: 0.0026 - mean_absolute_error: 0.0063 - val_loss: 0.0027 - val_mean_absolute_error: 0.0069
Epoch 36/500
 - 124s - loss: 0.0026 - mean_absolute_error: 0.0063 - val_loss: 0.0027 - val_mean_absolute_error: 0.0062
Epoch 37/500
 - 127s - loss: 0.0026 - mean_absolute_error: 0.0063 - val_loss: 0.0027 - val_mean_absolute_error: 0.0063

Epoch 00037: ReduceLROnPlateau reducing learning rate to 6.25000029685907e-05.
Epoch 38/500
 - 126s - loss: 0.0026 - mean_absolute_error: 0.0061 - val_loss: 0.0027 - val_mean_absolute_error: 0.0065
Epoch 39/500
 - 124s - loss: 0.0026 - mean_absolute_error: 0.0061 - val_loss: 0.0027 - val_mean_absolute_error: 0.0061
Epoch 40/500
 - 125s - loss: 0.0026 - mean_absolute_error: 0.0061 - val_loss: 0.0027 - val_mean_absolute_error: 0.0061
Epoch 41/500
 - 126s - loss: 0.0026 - mean_absolute_error: 0.0061 - val_loss: 0.0027 - val_mean_absolute_error: 0.0062
Epoch 42/500
 - 126s - loss: 0.0026 - mean_absolute_error: 0.0061 - val_loss: 0.0027 - val_mean_absolute_error: 0.0060
Epoch 43/500
 - 127s - loss: 0.0026 - mean_absolute_error: 0.0061 - val_loss: 0.0027 - val_mean_absolute_error: 0.0061
Epoch 44/500
 - 124s - loss: 0.0026 - mean_absolute_error: 0.0061 - val_loss: 0.0027 - val_mean_absolute_error: 0.0060
Epoch 45/500
 - 127s - loss: 0.0026 - mean_absolute_error: 0.0061 - val_loss: 0.0027 - val_mean_absolute_error: 0.0060
Epoch 46/500
 - 126s - loss: 0.0026 - mean_absolute_error: 0.0060 - val_loss: 0.0027 - val_mean_absolute_error: 0.0061
Epoch 47/500
 - 128s - loss: 0.0026 - mean_absolute_error: 0.0060 - val_loss: 0.0027 - val_mean_absolute_error: 0.0061
Epoch 48/500
 - 127s - loss: 0.0026 - mean_absolute_error: 0.0060 - val_loss: 0.0027 - val_mean_absolute_error: 0.0060

Epoch 00048: ReduceLROnPlateau reducing learning rate to 3.125000148429535e-05.
Epoch 49/500
 - 125s - loss: 0.0026 - mean_absolute_error: 0.0059 - val_loss: 0.0027 - val_mean_absolute_error: 0.0060
Epoch 50/500
 - 128s - loss: 0.0026 - mean_absolute_error: 0.0059 - val_loss: 0.0027 - val_mean_absolute_error: 0.0060
Epoch 51/500
 - 129s - loss: 0.0026 - mean_absolute_error: 0.0059 - val_loss: 0.0027 - val_mean_absolute_error: 0.0060
Epoch 52/500
 - 127s - loss: 0.0026 - mean_absolute_error: 0.0059 - val_loss: 0.0027 - val_mean_absolute_error: 0.0060
Epoch 53/500
 - 127s - loss: 0.0026 - mean_absolute_error: 0.0059 - val_loss: 0.0027 - val_mean_absolute_error: 0.0060

Epoch 00053: ReduceLROnPlateau reducing learning rate to 1.5625000742147677e-05.
Epoch 54/500
 - 129s - loss: 0.0026 - mean_absolute_error: 0.0059 - val_loss: 0.0027 - val_mean_absolute_error: 0.0060
Epoch 55/500
 - 127s - loss: 0.0026 - mean_absolute_error: 0.0059 - val_loss: 0.0027 - val_mean_absolute_error: 0.0059
Epoch 56/500
 - 128s - loss: 0.0026 - mean_absolute_error: 0.0059 - val_loss: 0.0027 - val_mean_absolute_error: 0.0059
Epoch 57/500
 - 126s - loss: 0.0026 - mean_absolute_error: 0.0059 - val_loss: 0.0027 - val_mean_absolute_error: 0.0059
Epoch 58/500
 - 129s - loss: 0.0026 - mean_absolute_error: 0.0059 - val_loss: 0.0027 - val_mean_absolute_error: 0.0059

Epoch 00058: ReduceLROnPlateau reducing learning rate to 7.812500371073838e-06.
Epoch 59/500
 - 125s - loss: 0.0026 - mean_absolute_error: 0.0058 - val_loss: 0.0027 - val_mean_absolute_error: 0.0059
Epoch 60/500
 - 125s - loss: 0.0026 - mean_absolute_error: 0.0058 - val_loss: 0.0027 - val_mean_absolute_error: 0.0059
Epoch 61/500
 - 128s - loss: 0.0026 - mean_absolute_error: 0.0058 - val_loss: 0.0027 - val_mean_absolute_error: 0.0059
Epoch 62/500
 - 125s - loss: 0.0026 - mean_absolute_error: 0.0058 - val_loss: 0.0027 - val_mean_absolute_error: 0.0059
Epoch 63/500
 - 123s - loss: 0.0026 - mean_absolute_error: 0.0058 - val_loss: 0.0027 - val_mean_absolute_error: 0.0059

Epoch 00063: ReduceLROnPlateau reducing learning rate to 3.906250185536919e-06.
Epoch 64/500
 - 123s - loss: 0.0026 - mean_absolute_error: 0.0058 - val_loss: 0.0027 - val_mean_absolute_error: 0.0059
Epoch 65/500
 - 124s - loss: 0.0026 - mean_absolute_error: 0.0058 - val_loss: 0.0027 - val_mean_absolute_error: 0.0059
Epoch 66/500
 - 122s - loss: 0.0026 - mean_absolute_error: 0.0058 - val_loss: 0.0027 - val_mean_absolute_error: 0.0059
Epoch 67/500
 - 123s - loss: 0.0026 - mean_absolute_error: 0.0058 - val_loss: 0.0027 - val_mean_absolute_error: 0.0059
Epoch 68/500
 - 122s - loss: 0.0026 - mean_absolute_error: 0.0058 - val_loss: 0.0027 - val_mean_absolute_error: 0.0059
Epoch 69/500
 - 123s - loss: 0.0026 - mean_absolute_error: 0.0058 - val_loss: 0.0026 - val_mean_absolute_error: 0.0059
Epoch 70/500
 - 123s - loss: 0.0026 - mean_absolute_error: 0.0058 - val_loss: 0.0027 - val_mean_absolute_error: 0.0059
Epoch 71/500
 - 122s - loss: 0.0026 - mean_absolute_error: 0.0058 - val_loss: 0.0027 - val_mean_absolute_error: 0.0059
Epoch 72/500
 - 123s - loss: 0.0026 - mean_absolute_error: 0.0058 - val_loss: 0.0027 - val_mean_absolute_error: 0.0059
Epoch 73/500
 - 122s - loss: 0.0026 - mean_absolute_error: 0.0058 - val_loss: 0.0026 - val_mean_absolute_error: 0.0059
Epoch 74/500
 - 123s - loss: 0.0026 - mean_absolute_error: 0.0058 - val_loss: 0.0026 - val_mean_absolute_error: 0.0059
Epoch 75/500
 - 122s - loss: 0.0026 - mean_absolute_error: 0.0058 - val_loss: 0.0027 - val_mean_absolute_error: 0.0059
Epoch 76/500
 - 123s - loss: 0.0026 - mean_absolute_error: 0.0058 - val_loss: 0.0026 - val_mean_absolute_error: 0.0059
Epoch 77/500
 - 122s - loss: 0.0026 - mean_absolute_error: 0.0058 - val_loss: 0.0026 - val_mean_absolute_error: 0.0059
Epoch 78/500
 - 122s - loss: 0.0026 - mean_absolute_error: 0.0058 - val_loss: 0.0026 - val_mean_absolute_error: 0.0059
Epoch 79/500
 - 122s - loss: 0.0026 - mean_absolute_error: 0.0058 - val_loss: 0.0026 - val_mean_absolute_error: 0.0059
Epoch 80/500
 - 121s - loss: 0.0026 - mean_absolute_error: 0.0058 - val_loss: 0.0026 - val_mean_absolute_error: 0.0059

Epoch 00080: ReduceLROnPlateau reducing learning rate to 1.9531250927684596e-06.
Epoch 81/500
 - 122s - loss: 0.0026 - mean_absolute_error: 0.0058 - val_loss: 0.0026 - val_mean_absolute_error: 0.0059
Epoch 82/500
 - 123s - loss: 0.0026 - mean_absolute_error: 0.0058 - val_loss: 0.0026 - val_mean_absolute_error: 0.0059
Epoch 83/500
 - 123s - loss: 0.0026 - mean_absolute_error: 0.0058 - val_loss: 0.0026 - val_mean_absolute_error: 0.0059
Epoch 84/500
 - 122s - loss: 0.0026 - mean_absolute_error: 0.0058 - val_loss: 0.0026 - val_mean_absolute_error: 0.0059

Epoch 00084: ReduceLROnPlateau reducing learning rate to 1e-06.
Epoch 85/500
 - 123s - loss: 0.0026 - mean_absolute_error: 0.0058 - val_loss: 0.0026 - val_mean_absolute_error: 0.0059
Epoch 86/500
 - 122s - loss: 0.0026 - mean_absolute_error: 0.0058 - val_loss: 0.0026 - val_mean_absolute_error: 0.0059
Epoch 87/500
 - 121s - loss: 0.0026 - mean_absolute_error: 0.0058 - val_loss: 0.0026 - val_mean_absolute_error: 0.0059
Epoch 88/500
 - 121s - loss: 0.0026 - mean_absolute_error: 0.0058 - val_loss: 0.0026 - val_mean_absolute_error: 0.0059
Epoch 89/500
 - 123s - loss: 0.0026 - mean_absolute_error: 0.0058 - val_loss: 0.0026 - val_mean_absolute_error: 0.0059
Epoch 90/500
 - 123s - loss: 0.0026 - mean_absolute_error: 0.0058 - val_loss: 0.0026 - val_mean_absolute_error: 0.0059
Epoch 00090: early stopping
