dataset path: /home/dharmesh/Documents/neurocontroller-hotm/datasets_and_models/bebop/dataset.npy
output indices: [6, 7]
learning rule: adam
learning rate: 0.001
minibatch size: 512
hid layer dims: [50, 50, 50]

Train on 9440000 samples, validate on 1180000 samples
Epoch 1/500
 - 101s - loss: 0.0088 - mean_absolute_error: 0.0414 - val_loss: 0.0044 - val_mean_absolute_error: 0.0271
Epoch 2/500
 - 100s - loss: 0.0039 - mean_absolute_error: 0.0226 - val_loss: 0.0036 - val_mean_absolute_error: 0.0208
Epoch 3/500
 - 100s - loss: 0.0034 - mean_absolute_error: 0.0184 - val_loss: 0.0033 - val_mean_absolute_error: 0.0155
Epoch 4/500
 - 100s - loss: 0.0032 - mean_absolute_error: 0.0161 - val_loss: 0.0033 - val_mean_absolute_error: 0.0154
Epoch 5/500
 - 100s - loss: 0.0031 - mean_absolute_error: 0.0149 - val_loss: 0.0031 - val_mean_absolute_error: 0.0139
Epoch 6/500
 - 100s - loss: 0.0030 - mean_absolute_error: 0.0141 - val_loss: 0.0030 - val_mean_absolute_error: 0.0133
Epoch 7/500
 - 99s - loss: 0.0030 - mean_absolute_error: 0.0135 - val_loss: 0.0030 - val_mean_absolute_error: 0.0132
Epoch 8/500
 - 101s - loss: 0.0030 - mean_absolute_error: 0.0131 - val_loss: 0.0029 - val_mean_absolute_error: 0.0115
Epoch 9/500
 - 100s - loss: 0.0029 - mean_absolute_error: 0.0129 - val_loss: 0.0029 - val_mean_absolute_error: 0.0117
Epoch 10/500
 - 100s - loss: 0.0029 - mean_absolute_error: 0.0125 - val_loss: 0.0030 - val_mean_absolute_error: 0.0135
Epoch 11/500
 - 100s - loss: 0.0029 - mean_absolute_error: 0.0123 - val_loss: 0.0029 - val_mean_absolute_error: 0.0112
Epoch 12/500
 - 101s - loss: 0.0029 - mean_absolute_error: 0.0121 - val_loss: 0.0029 - val_mean_absolute_error: 0.0124
Epoch 13/500
 - 99s - loss: 0.0029 - mean_absolute_error: 0.0119 - val_loss: 0.0030 - val_mean_absolute_error: 0.0133
Epoch 14/500
 - 100s - loss: 0.0029 - mean_absolute_error: 0.0119 - val_loss: 0.0029 - val_mean_absolute_error: 0.0123

Epoch 00014: ReduceLROnPlateau reducing learning rate to 0.0005000000237487257.
Epoch 15/500
 - 100s - loss: 0.0028 - mean_absolute_error: 0.0105 - val_loss: 0.0028 - val_mean_absolute_error: 0.0105
Epoch 16/500
 - 100s - loss: 0.0028 - mean_absolute_error: 0.0104 - val_loss: 0.0028 - val_mean_absolute_error: 0.0101
Epoch 17/500
 - 99s - loss: 0.0028 - mean_absolute_error: 0.0103 - val_loss: 0.0028 - val_mean_absolute_error: 0.0098
Epoch 18/500
 - 101s - loss: 0.0028 - mean_absolute_error: 0.0103 - val_loss: 0.0028 - val_mean_absolute_error: 0.0102
Epoch 19/500
 - 100s - loss: 0.0028 - mean_absolute_error: 0.0102 - val_loss: 0.0028 - val_mean_absolute_error: 0.0103
Epoch 20/500
 - 102s - loss: 0.0028 - mean_absolute_error: 0.0102 - val_loss: 0.0028 - val_mean_absolute_error: 0.0094
Epoch 21/500
 - 103s - loss: 0.0028 - mean_absolute_error: 0.0101 - val_loss: 0.0029 - val_mean_absolute_error: 0.0112
Epoch 22/500
 - 103s - loss: 0.0028 - mean_absolute_error: 0.0101 - val_loss: 0.0028 - val_mean_absolute_error: 0.0110
Epoch 23/500
 - 103s - loss: 0.0028 - mean_absolute_error: 0.0100 - val_loss: 0.0028 - val_mean_absolute_error: 0.0101

Epoch 00023: ReduceLROnPlateau reducing learning rate to 0.0002500000118743628.
Epoch 24/500
 - 102s - loss: 0.0028 - mean_absolute_error: 0.0093 - val_loss: 0.0028 - val_mean_absolute_error: 0.0100
Epoch 25/500
 - 102s - loss: 0.0028 - mean_absolute_error: 0.0092 - val_loss: 0.0028 - val_mean_absolute_error: 0.0087
Epoch 26/500
 - 104s - loss: 0.0027 - mean_absolute_error: 0.0092 - val_loss: 0.0028 - val_mean_absolute_error: 0.0086
Epoch 27/500
 - 102s - loss: 0.0027 - mean_absolute_error: 0.0092 - val_loss: 0.0028 - val_mean_absolute_error: 0.0090
Epoch 28/500
 - 103s - loss: 0.0027 - mean_absolute_error: 0.0092 - val_loss: 0.0028 - val_mean_absolute_error: 0.0088
Epoch 29/500
 - 102s - loss: 0.0027 - mean_absolute_error: 0.0092 - val_loss: 0.0028 - val_mean_absolute_error: 0.0085
Epoch 30/500
 - 102s - loss: 0.0027 - mean_absolute_error: 0.0091 - val_loss: 0.0028 - val_mean_absolute_error: 0.0086
Epoch 31/500
 - 102s - loss: 0.0027 - mean_absolute_error: 0.0091 - val_loss: 0.0028 - val_mean_absolute_error: 0.0091
Epoch 32/500
 - 104s - loss: 0.0027 - mean_absolute_error: 0.0091 - val_loss: 0.0028 - val_mean_absolute_error: 0.0099

Epoch 00032: ReduceLROnPlateau reducing learning rate to 0.0001250000059371814.
Epoch 33/500
 - 103s - loss: 0.0027 - mean_absolute_error: 0.0086 - val_loss: 0.0028 - val_mean_absolute_error: 0.0085
Epoch 34/500
 - 104s - loss: 0.0027 - mean_absolute_error: 0.0086 - val_loss: 0.0028 - val_mean_absolute_error: 0.0087
Epoch 35/500
 - 104s - loss: 0.0027 - mean_absolute_error: 0.0086 - val_loss: 0.0028 - val_mean_absolute_error: 0.0088
Epoch 36/500
 - 104s - loss: 0.0027 - mean_absolute_error: 0.0086 - val_loss: 0.0028 - val_mean_absolute_error: 0.0087

Epoch 00036: ReduceLROnPlateau reducing learning rate to 6.25000029685907e-05.
Epoch 37/500
 - 103s - loss: 0.0027 - mean_absolute_error: 0.0083 - val_loss: 0.0028 - val_mean_absolute_error: 0.0083
Epoch 38/500
 - 103s - loss: 0.0027 - mean_absolute_error: 0.0083 - val_loss: 0.0028 - val_mean_absolute_error: 0.0083
Epoch 39/500
 - 103s - loss: 0.0027 - mean_absolute_error: 0.0083 - val_loss: 0.0028 - val_mean_absolute_error: 0.0084
Epoch 40/500
 - 103s - loss: 0.0027 - mean_absolute_error: 0.0083 - val_loss: 0.0028 - val_mean_absolute_error: 0.0083
Epoch 41/500
 - 103s - loss: 0.0027 - mean_absolute_error: 0.0083 - val_loss: 0.0028 - val_mean_absolute_error: 0.0081
Epoch 42/500
 - 104s - loss: 0.0027 - mean_absolute_error: 0.0083 - val_loss: 0.0028 - val_mean_absolute_error: 0.0082
Epoch 43/500
 - 104s - loss: 0.0027 - mean_absolute_error: 0.0083 - val_loss: 0.0028 - val_mean_absolute_error: 0.0081
Epoch 44/500
 - 103s - loss: 0.0027 - mean_absolute_error: 0.0083 - val_loss: 0.0028 - val_mean_absolute_error: 0.0082
Epoch 45/500
 - 104s - loss: 0.0027 - mean_absolute_error: 0.0083 - val_loss: 0.0028 - val_mean_absolute_error: 0.0082
Epoch 46/500
 - 104s - loss: 0.0027 - mean_absolute_error: 0.0083 - val_loss: 0.0028 - val_mean_absolute_error: 0.0081
Epoch 47/500
 - 104s - loss: 0.0027 - mean_absolute_error: 0.0083 - val_loss: 0.0028 - val_mean_absolute_error: 0.0081
Epoch 48/500
 - 104s - loss: 0.0027 - mean_absolute_error: 0.0083 - val_loss: 0.0028 - val_mean_absolute_error: 0.0082
Epoch 49/500
 - 104s - loss: 0.0027 - mean_absolute_error: 0.0083 - val_loss: 0.0028 - val_mean_absolute_error: 0.0082
Epoch 50/500
 - 104s - loss: 0.0027 - mean_absolute_error: 0.0083 - val_loss: 0.0028 - val_mean_absolute_error: 0.0089

Epoch 00050: ReduceLROnPlateau reducing learning rate to 3.125000148429535e-05.
Epoch 51/500
 - 103s - loss: 0.0027 - mean_absolute_error: 0.0081 - val_loss: 0.0028 - val_mean_absolute_error: 0.0081
Epoch 52/500
 - 104s - loss: 0.0027 - mean_absolute_error: 0.0081 - val_loss: 0.0028 - val_mean_absolute_error: 0.0082
Epoch 53/500
 - 104s - loss: 0.0027 - mean_absolute_error: 0.0081 - val_loss: 0.0028 - val_mean_absolute_error: 0.0080
Epoch 54/500
 - 106s - loss: 0.0027 - mean_absolute_error: 0.0081 - val_loss: 0.0028 - val_mean_absolute_error: 0.0083
Epoch 55/500
 - 113s - loss: 0.0027 - mean_absolute_error: 0.0081 - val_loss: 0.0028 - val_mean_absolute_error: 0.0081
Epoch 56/500
 - 111s - loss: 0.0027 - mean_absolute_error: 0.0081 - val_loss: 0.0028 - val_mean_absolute_error: 0.0081

Epoch 00056: ReduceLROnPlateau reducing learning rate to 1.5625000742147677e-05.
Epoch 57/500
 - 111s - loss: 0.0027 - mean_absolute_error: 0.0080 - val_loss: 0.0028 - val_mean_absolute_error: 0.0080
Epoch 58/500
 - 112s - loss: 0.0027 - mean_absolute_error: 0.0080 - val_loss: 0.0028 - val_mean_absolute_error: 0.0081
Epoch 59/500
 - 109s - loss: 0.0027 - mean_absolute_error: 0.0080 - val_loss: 0.0028 - val_mean_absolute_error: 0.0080
Epoch 60/500
 - 109s - loss: 0.0027 - mean_absolute_error: 0.0080 - val_loss: 0.0028 - val_mean_absolute_error: 0.0080
Epoch 61/500
 - 109s - loss: 0.0027 - mean_absolute_error: 0.0080 - val_loss: 0.0028 - val_mean_absolute_error: 0.0080
Epoch 62/500
 - 110s - loss: 0.0027 - mean_absolute_error: 0.0080 - val_loss: 0.0028 - val_mean_absolute_error: 0.0080
Epoch 63/500
 - 107s - loss: 0.0027 - mean_absolute_error: 0.0080 - val_loss: 0.0028 - val_mean_absolute_error: 0.0080

Epoch 00063: ReduceLROnPlateau reducing learning rate to 7.812500371073838e-06.
Epoch 64/500
 - 110s - loss: 0.0027 - mean_absolute_error: 0.0080 - val_loss: 0.0028 - val_mean_absolute_error: 0.0080
Epoch 65/500
 - 108s - loss: 0.0027 - mean_absolute_error: 0.0080 - val_loss: 0.0028 - val_mean_absolute_error: 0.0080
Epoch 66/500
 - 110s - loss: 0.0027 - mean_absolute_error: 0.0080 - val_loss: 0.0028 - val_mean_absolute_error: 0.0080
Epoch 67/500
 - 110s - loss: 0.0027 - mean_absolute_error: 0.0080 - val_loss: 0.0028 - val_mean_absolute_error: 0.0080

Epoch 00067: ReduceLROnPlateau reducing learning rate to 3.906250185536919e-06.
Epoch 68/500
 - 109s - loss: 0.0027 - mean_absolute_error: 0.0079 - val_loss: 0.0028 - val_mean_absolute_error: 0.0080
Epoch 69/500
 - 108s - loss: 0.0027 - mean_absolute_error: 0.0079 - val_loss: 0.0028 - val_mean_absolute_error: 0.0080
Epoch 70/500
 - 110s - loss: 0.0027 - mean_absolute_error: 0.0079 - val_loss: 0.0028 - val_mean_absolute_error: 0.0080
Epoch 71/500
 - 107s - loss: 0.0027 - mean_absolute_error: 0.0079 - val_loss: 0.0028 - val_mean_absolute_error: 0.0080

Epoch 00071: ReduceLROnPlateau reducing learning rate to 1.9531250927684596e-06.
Epoch 72/500
 - 107s - loss: 0.0027 - mean_absolute_error: 0.0079 - val_loss: 0.0028 - val_mean_absolute_error: 0.0080
Epoch 73/500
 - 110s - loss: 0.0027 - mean_absolute_error: 0.0079 - val_loss: 0.0028 - val_mean_absolute_error: 0.0080
Epoch 74/500
 - 109s - loss: 0.0027 - mean_absolute_error: 0.0079 - val_loss: 0.0028 - val_mean_absolute_error: 0.0079
Epoch 75/500
 - 108s - loss: 0.0027 - mean_absolute_error: 0.0079 - val_loss: 0.0028 - val_mean_absolute_error: 0.0080
Epoch 76/500
 - 110s - loss: 0.0027 - mean_absolute_error: 0.0079 - val_loss: 0.0028 - val_mean_absolute_error: 0.0080
Epoch 77/500
 - 108s - loss: 0.0027 - mean_absolute_error: 0.0079 - val_loss: 0.0028 - val_mean_absolute_error: 0.0080

Epoch 00077: ReduceLROnPlateau reducing learning rate to 1e-06.
Epoch 78/500
 - 108s - loss: 0.0027 - mean_absolute_error: 0.0079 - val_loss: 0.0028 - val_mean_absolute_error: 0.0080
Epoch 79/500
 - 109s - loss: 0.0027 - mean_absolute_error: 0.0079 - val_loss: 0.0028 - val_mean_absolute_error: 0.0080
Epoch 00079: early stopping
