dataset path: /home/dharmesh/Documents/neurocontroller-hotm/datasets_and_models/bebop/dataset.npy
output indices: [6, 7]
learning rule: adam
learning rate: 0.001
minibatch size: 512
hid layer dims: [100, 100, 100, 100, 100, 100, 100, 100]

Train on 9440000 samples, validate on 1180000 samples
Epoch 1/500
 - 161s - loss: 0.0058 - mean_absolute_error: 0.0293 - val_loss: 0.0033 - val_mean_absolute_error: 0.0201
Epoch 2/500
 - 164s - loss: 0.0030 - mean_absolute_error: 0.0151 - val_loss: 0.0029 - val_mean_absolute_error: 0.0118
Epoch 3/500
 - 155s - loss: 0.0029 - mean_absolute_error: 0.0136 - val_loss: 0.0029 - val_mean_absolute_error: 0.0138
Epoch 4/500
 - 164s - loss: 0.0029 - mean_absolute_error: 0.0127 - val_loss: 0.0029 - val_mean_absolute_error: 0.0152
Epoch 5/500
 - 164s - loss: 0.0028 - mean_absolute_error: 0.0111 - val_loss: 0.0028 - val_mean_absolute_error: 0.0105
Epoch 6/500
 - 164s - loss: 0.0028 - mean_absolute_error: 0.0110 - val_loss: 0.0030 - val_mean_absolute_error: 0.0148
Epoch 7/500
 - 151s - loss: 0.0028 - mean_absolute_error: 0.0111 - val_loss: 0.0028 - val_mean_absolute_error: 0.0095
Epoch 8/500
 - 159s - loss: 0.0028 - mean_absolute_error: 0.0106 - val_loss: 0.0028 - val_mean_absolute_error: 0.0097
Epoch 9/500
 - 149s - loss: 0.0028 - mean_absolute_error: 0.0101 - val_loss: 0.0030 - val_mean_absolute_error: 0.0162
Epoch 10/500
 - 148s - loss: 0.0027 - mean_absolute_error: 0.0097 - val_loss: 0.0028 - val_mean_absolute_error: 0.0123

Epoch 00010: ReduceLROnPlateau reducing learning rate to 0.0005000000237487257.
Epoch 11/500
 - 147s - loss: 0.0027 - mean_absolute_error: 0.0082 - val_loss: 0.0027 - val_mean_absolute_error: 0.0076
Epoch 12/500
 - 152s - loss: 0.0027 - mean_absolute_error: 0.0081 - val_loss: 0.0027 - val_mean_absolute_error: 0.0078
Epoch 13/500
 - 148s - loss: 0.0027 - mean_absolute_error: 0.0081 - val_loss: 0.0027 - val_mean_absolute_error: 0.0075
Epoch 14/500
 - 148s - loss: 0.0027 - mean_absolute_error: 0.0082 - val_loss: 0.0027 - val_mean_absolute_error: 0.0084
Epoch 15/500
 - 158s - loss: 0.0027 - mean_absolute_error: 0.0082 - val_loss: 0.0027 - val_mean_absolute_error: 0.0083
Epoch 16/500
 - 162s - loss: 0.0027 - mean_absolute_error: 0.0080 - val_loss: 0.0027 - val_mean_absolute_error: 0.0090

Epoch 00016: ReduceLROnPlateau reducing learning rate to 0.0002500000118743628.
Epoch 17/500
 - 162s - loss: 0.0026 - mean_absolute_error: 0.0071 - val_loss: 0.0027 - val_mean_absolute_error: 0.0069
Epoch 18/500
 - 161s - loss: 0.0026 - mean_absolute_error: 0.0071 - val_loss: 0.0027 - val_mean_absolute_error: 0.0084
Epoch 19/500
 - 161s - loss: 0.0026 - mean_absolute_error: 0.0071 - val_loss: 0.0027 - val_mean_absolute_error: 0.0069
Epoch 20/500
 - 161s - loss: 0.0026 - mean_absolute_error: 0.0072 - val_loss: 0.0027 - val_mean_absolute_error: 0.0074
Epoch 21/500
 - 164s - loss: 0.0026 - mean_absolute_error: 0.0070 - val_loss: 0.0027 - val_mean_absolute_error: 0.0068
Epoch 22/500
 - 165s - loss: 0.0026 - mean_absolute_error: 0.0070 - val_loss: 0.0027 - val_mean_absolute_error: 0.0068
Epoch 23/500
 - 165s - loss: 0.0026 - mean_absolute_error: 0.0071 - val_loss: 0.0027 - val_mean_absolute_error: 0.0070
Epoch 24/500
 - 164s - loss: 0.0026 - mean_absolute_error: 0.0071 - val_loss: 0.0027 - val_mean_absolute_error: 0.0070

Epoch 00024: ReduceLROnPlateau reducing learning rate to 0.0001250000059371814.
Epoch 25/500
 - 164s - loss: 0.0026 - mean_absolute_error: 0.0066 - val_loss: 0.0027 - val_mean_absolute_error: 0.0064
Epoch 26/500
 - 165s - loss: 0.0026 - mean_absolute_error: 0.0065 - val_loss: 0.0027 - val_mean_absolute_error: 0.0071
Epoch 27/500
 - 164s - loss: 0.0026 - mean_absolute_error: 0.0065 - val_loss: 0.0027 - val_mean_absolute_error: 0.0064
Epoch 28/500
 - 164s - loss: 0.0026 - mean_absolute_error: 0.0065 - val_loss: 0.0027 - val_mean_absolute_error: 0.0064
Epoch 29/500
 - 164s - loss: 0.0026 - mean_absolute_error: 0.0065 - val_loss: 0.0027 - val_mean_absolute_error: 0.0066
Epoch 30/500
 - 163s - loss: 0.0026 - mean_absolute_error: 0.0065 - val_loss: 0.0027 - val_mean_absolute_error: 0.0064
Epoch 31/500
 - 163s - loss: 0.0026 - mean_absolute_error: 0.0065 - val_loss: 0.0027 - val_mean_absolute_error: 0.0064

Epoch 00031: ReduceLROnPlateau reducing learning rate to 6.25000029685907e-05.
Epoch 32/500
 - 164s - loss: 0.0026 - mean_absolute_error: 0.0063 - val_loss: 0.0027 - val_mean_absolute_error: 0.0063
Epoch 33/500
 - 163s - loss: 0.0026 - mean_absolute_error: 0.0063 - val_loss: 0.0027 - val_mean_absolute_error: 0.0062
Epoch 34/500
 - 164s - loss: 0.0026 - mean_absolute_error: 0.0062 - val_loss: 0.0027 - val_mean_absolute_error: 0.0061
Epoch 35/500
 - 162s - loss: 0.0026 - mean_absolute_error: 0.0063 - val_loss: 0.0027 - val_mean_absolute_error: 0.0062
Epoch 36/500
 - 163s - loss: 0.0026 - mean_absolute_error: 0.0062 - val_loss: 0.0027 - val_mean_absolute_error: 0.0062
Epoch 37/500
 - 163s - loss: 0.0026 - mean_absolute_error: 0.0062 - val_loss: 0.0027 - val_mean_absolute_error: 0.0064

Epoch 00037: ReduceLROnPlateau reducing learning rate to 3.125000148429535e-05.
Epoch 38/500
 - 163s - loss: 0.0026 - mean_absolute_error: 0.0061 - val_loss: 0.0027 - val_mean_absolute_error: 0.0061
Epoch 39/500
 - 160s - loss: 0.0026 - mean_absolute_error: 0.0061 - val_loss: 0.0027 - val_mean_absolute_error: 0.0061
Epoch 40/500
 - 163s - loss: 0.0026 - mean_absolute_error: 0.0061 - val_loss: 0.0027 - val_mean_absolute_error: 0.0061
Epoch 41/500
 - 157s - loss: 0.0026 - mean_absolute_error: 0.0061 - val_loss: 0.0027 - val_mean_absolute_error: 0.0063
Epoch 42/500
 - 160s - loss: 0.0026 - mean_absolute_error: 0.0061 - val_loss: 0.0027 - val_mean_absolute_error: 0.0061
Epoch 43/500
 - 164s - loss: 0.0026 - mean_absolute_error: 0.0061 - val_loss: 0.0027 - val_mean_absolute_error: 0.0062

Epoch 00043: ReduceLROnPlateau reducing learning rate to 1.5625000742147677e-05.
Epoch 44/500
 - 138s - loss: 0.0026 - mean_absolute_error: 0.0060 - val_loss: 0.0027 - val_mean_absolute_error: 0.0061
Epoch 45/500
 - 117s - loss: 0.0026 - mean_absolute_error: 0.0060 - val_loss: 0.0027 - val_mean_absolute_error: 0.0062
Epoch 46/500
 - 130s - loss: 0.0026 - mean_absolute_error: 0.0060 - val_loss: 0.0027 - val_mean_absolute_error: 0.0060
Epoch 47/500
 - 160s - loss: 0.0026 - mean_absolute_error: 0.0060 - val_loss: 0.0027 - val_mean_absolute_error: 0.0061
Epoch 48/500
 - 136s - loss: 0.0026 - mean_absolute_error: 0.0060 - val_loss: 0.0027 - val_mean_absolute_error: 0.0060
Epoch 49/500
 - 116s - loss: 0.0026 - mean_absolute_error: 0.0060 - val_loss: 0.0027 - val_mean_absolute_error: 0.0060
Epoch 50/500
 - 123s - loss: 0.0026 - mean_absolute_error: 0.0060 - val_loss: 0.0027 - val_mean_absolute_error: 0.0060
Epoch 51/500
 - 154s - loss: 0.0026 - mean_absolute_error: 0.0060 - val_loss: 0.0027 - val_mean_absolute_error: 0.0062
Epoch 52/500
 - 154s - loss: 0.0026 - mean_absolute_error: 0.0060 - val_loss: 0.0027 - val_mean_absolute_error: 0.0060
Epoch 53/500
 - 157s - loss: 0.0026 - mean_absolute_error: 0.0060 - val_loss: 0.0027 - val_mean_absolute_error: 0.0060
Epoch 54/500
 - 157s - loss: 0.0026 - mean_absolute_error: 0.0060 - val_loss: 0.0027 - val_mean_absolute_error: 0.0060
Epoch 55/500
 - 157s - loss: 0.0026 - mean_absolute_error: 0.0060 - val_loss: 0.0027 - val_mean_absolute_error: 0.0060
Epoch 56/500
 - 150s - loss: 0.0026 - mean_absolute_error: 0.0060 - val_loss: 0.0027 - val_mean_absolute_error: 0.0060
Epoch 57/500
 - 152s - loss: 0.0026 - mean_absolute_error: 0.0060 - val_loss: 0.0027 - val_mean_absolute_error: 0.0061
Epoch 58/500
 - 152s - loss: 0.0026 - mean_absolute_error: 0.0060 - val_loss: 0.0027 - val_mean_absolute_error: 0.0060

Epoch 00058: ReduceLROnPlateau reducing learning rate to 7.812500371073838e-06.
Epoch 59/500
 - 151s - loss: 0.0026 - mean_absolute_error: 0.0059 - val_loss: 0.0027 - val_mean_absolute_error: 0.0060
Epoch 60/500
 - 150s - loss: 0.0026 - mean_absolute_error: 0.0059 - val_loss: 0.0027 - val_mean_absolute_error: 0.0060
Epoch 61/500
 - 151s - loss: 0.0026 - mean_absolute_error: 0.0059 - val_loss: 0.0027 - val_mean_absolute_error: 0.0060
Epoch 62/500
 - 167s - loss: 0.0026 - mean_absolute_error: 0.0059 - val_loss: 0.0027 - val_mean_absolute_error: 0.0060
Epoch 63/500
 - 168s - loss: 0.0026 - mean_absolute_error: 0.0059 - val_loss: 0.0027 - val_mean_absolute_error: 0.0060

Epoch 00063: ReduceLROnPlateau reducing learning rate to 3.906250185536919e-06.
Epoch 64/500
 - 166s - loss: 0.0026 - mean_absolute_error: 0.0059 - val_loss: 0.0027 - val_mean_absolute_error: 0.0060
Epoch 65/500
 - 165s - loss: 0.0026 - mean_absolute_error: 0.0059 - val_loss: 0.0027 - val_mean_absolute_error: 0.0060
Epoch 66/500
 - 160s - loss: 0.0026 - mean_absolute_error: 0.0059 - val_loss: 0.0027 - val_mean_absolute_error: 0.0060
Epoch 67/500
 - 175s - loss: 0.0026 - mean_absolute_error: 0.0059 - val_loss: 0.0027 - val_mean_absolute_error: 0.0060
Epoch 68/500
 - 166s - loss: 0.0026 - mean_absolute_error: 0.0059 - val_loss: 0.0027 - val_mean_absolute_error: 0.0060
Epoch 69/500
 - 162s - loss: 0.0026 - mean_absolute_error: 0.0059 - val_loss: 0.0027 - val_mean_absolute_error: 0.0060

Epoch 00069: ReduceLROnPlateau reducing learning rate to 1.9531250927684596e-06.
Epoch 70/500
 - 163s - loss: 0.0026 - mean_absolute_error: 0.0059 - val_loss: 0.0027 - val_mean_absolute_error: 0.0060
Epoch 71/500
 - 164s - loss: 0.0026 - mean_absolute_error: 0.0059 - val_loss: 0.0027 - val_mean_absolute_error: 0.0060
Epoch 72/500
 - 164s - loss: 0.0026 - mean_absolute_error: 0.0059 - val_loss: 0.0027 - val_mean_absolute_error: 0.0060
Epoch 73/500
 - 162s - loss: 0.0026 - mean_absolute_error: 0.0059 - val_loss: 0.0027 - val_mean_absolute_error: 0.0060
Epoch 74/500
 - 166s - loss: 0.0026 - mean_absolute_error: 0.0059 - val_loss: 0.0027 - val_mean_absolute_error: 0.0061
Epoch 75/500
 - 164s - loss: 0.0026 - mean_absolute_error: 0.0059 - val_loss: 0.0027 - val_mean_absolute_error: 0.0060
Epoch 76/500
 - 163s - loss: 0.0026 - mean_absolute_error: 0.0059 - val_loss: 0.0027 - val_mean_absolute_error: 0.0060
Epoch 77/500
 - 164s - loss: 0.0026 - mean_absolute_error: 0.0059 - val_loss: 0.0027 - val_mean_absolute_error: 0.0060
Epoch 78/500
 - 164s - loss: 0.0026 - mean_absolute_error: 0.0059 - val_loss: 0.0027 - val_mean_absolute_error: 0.0060
Epoch 79/500
 - 163s - loss: 0.0026 - mean_absolute_error: 0.0059 - val_loss: 0.0027 - val_mean_absolute_error: 0.0060
Epoch 80/500
 - 164s - loss: 0.0026 - mean_absolute_error: 0.0059 - val_loss: 0.0027 - val_mean_absolute_error: 0.0060
Epoch 81/500
 - 164s - loss: 0.0026 - mean_absolute_error: 0.0059 - val_loss: 0.0027 - val_mean_absolute_error: 0.0060

Epoch 00081: ReduceLROnPlateau reducing learning rate to 1e-06.
Epoch 82/500
 - 165s - loss: 0.0026 - mean_absolute_error: 0.0059 - val_loss: 0.0027 - val_mean_absolute_error: 0.0060
Epoch 83/500
 - 164s - loss: 0.0026 - mean_absolute_error: 0.0059 - val_loss: 0.0027 - val_mean_absolute_error: 0.0060
Epoch 84/500
 - 164s - loss: 0.0026 - mean_absolute_error: 0.0059 - val_loss: 0.0027 - val_mean_absolute_error: 0.0060
Epoch 85/500
 - 166s - loss: 0.0026 - mean_absolute_error: 0.0059 - val_loss: 0.0027 - val_mean_absolute_error: 0.0060
Epoch 86/500
 - 164s - loss: 0.0026 - mean_absolute_error: 0.0059 - val_loss: 0.0027 - val_mean_absolute_error: 0.0060
Epoch 87/500
 - 165s - loss: 0.0026 - mean_absolute_error: 0.0059 - val_loss: 0.0027 - val_mean_absolute_error: 0.0060
Epoch 00087: early stopping
