dataset path: /home/dharmesh/Documents/neurocontroller-hotm/datasets_and_models/bebop_time/dataset.npy
output indices: [6, 7]
learning rule: adam
learning rate: 0.001
minibatch size: 512
hid layer dims: [200, 200, 200, 200, 200, 200]

Train on 9440000 samples, validate on 1180000 samples
Epoch 1/500
 - 159s - loss: 0.0656 - mean_absolute_error: 0.0769 - val_loss: 0.0271 - val_mean_absolute_error: 0.0366
Epoch 2/500
 - 148s - loss: 0.0242 - mean_absolute_error: 0.0353 - val_loss: 0.0248 - val_mean_absolute_error: 0.0339
Epoch 3/500
 - 147s - loss: 0.0202 - mean_absolute_error: 0.0299 - val_loss: 0.0222 - val_mean_absolute_error: 0.0310
Epoch 4/500
 - 148s - loss: 0.0185 - mean_absolute_error: 0.0277 - val_loss: 0.0190 - val_mean_absolute_error: 0.0265
Epoch 5/500
 - 147s - loss: 0.0176 - mean_absolute_error: 0.0266 - val_loss: 0.0158 - val_mean_absolute_error: 0.0244
Epoch 6/500
 - 148s - loss: 0.0170 - mean_absolute_error: 0.0259 - val_loss: 0.0181 - val_mean_absolute_error: 0.0281
Epoch 7/500
 - 148s - loss: 0.0165 - mean_absolute_error: 0.0254 - val_loss: 0.0158 - val_mean_absolute_error: 0.0243
Epoch 8/500
 - 147s - loss: 0.0161 - mean_absolute_error: 0.0249 - val_loss: 0.0155 - val_mean_absolute_error: 0.0237
Epoch 9/500
 - 149s - loss: 0.0158 - mean_absolute_error: 0.0247 - val_loss: 0.0176 - val_mean_absolute_error: 0.0267
Epoch 10/500
 - 150s - loss: 0.0156 - mean_absolute_error: 0.0245 - val_loss: 0.0140 - val_mean_absolute_error: 0.0227
Epoch 11/500
 - 146s - loss: 0.0154 - mean_absolute_error: 0.0243 - val_loss: 0.0164 - val_mean_absolute_error: 0.0281
Epoch 12/500
 - 148s - loss: 0.0151 - mean_absolute_error: 0.0241 - val_loss: 0.0155 - val_mean_absolute_error: 0.0246
Epoch 13/500
 - 146s - loss: 0.0150 - mean_absolute_error: 0.0240 - val_loss: 0.0157 - val_mean_absolute_error: 0.0249

Epoch 00013: ReduceLROnPlateau reducing learning rate to 0.0005000000237487257.
Epoch 14/500
 - 147s - loss: 0.0130 - mean_absolute_error: 0.0209 - val_loss: 0.0129 - val_mean_absolute_error: 0.0204
Epoch 15/500
 - 149s - loss: 0.0129 - mean_absolute_error: 0.0207 - val_loss: 0.0128 - val_mean_absolute_error: 0.0202
Epoch 16/500
 - 148s - loss: 0.0129 - mean_absolute_error: 0.0205 - val_loss: 0.0142 - val_mean_absolute_error: 0.0225
Epoch 17/500
 - 146s - loss: 0.0128 - mean_absolute_error: 0.0205 - val_loss: 0.0153 - val_mean_absolute_error: 0.0249
Epoch 18/500
 - 148s - loss: 0.0128 - mean_absolute_error: 0.0204 - val_loss: 0.0126 - val_mean_absolute_error: 0.0198
Epoch 19/500
 - 148s - loss: 0.0128 - mean_absolute_error: 0.0204 - val_loss: 0.0129 - val_mean_absolute_error: 0.0209
Epoch 20/500
 - 146s - loss: 0.0127 - mean_absolute_error: 0.0204 - val_loss: 0.0142 - val_mean_absolute_error: 0.0220
Epoch 21/500
 - 148s - loss: 0.0127 - mean_absolute_error: 0.0203 - val_loss: 0.0135 - val_mean_absolute_error: 0.0209

Epoch 00021: ReduceLROnPlateau reducing learning rate to 0.0002500000118743628.
Epoch 22/500
 - 147s - loss: 0.0118 - mean_absolute_error: 0.0188 - val_loss: 0.0126 - val_mean_absolute_error: 0.0196
Epoch 23/500
 - 147s - loss: 0.0118 - mean_absolute_error: 0.0187 - val_loss: 0.0120 - val_mean_absolute_error: 0.0191
Epoch 24/500
 - 148s - loss: 0.0118 - mean_absolute_error: 0.0186 - val_loss: 0.0118 - val_mean_absolute_error: 0.0182
Epoch 25/500
 - 148s - loss: 0.0117 - mean_absolute_error: 0.0186 - val_loss: 0.0118 - val_mean_absolute_error: 0.0185
Epoch 26/500
 - 149s - loss: 0.0117 - mean_absolute_error: 0.0185 - val_loss: 0.0123 - val_mean_absolute_error: 0.0195
Epoch 27/500
 - 148s - loss: 0.0117 - mean_absolute_error: 0.0185 - val_loss: 0.0119 - val_mean_absolute_error: 0.0186

Epoch 00027: ReduceLROnPlateau reducing learning rate to 0.0001250000059371814.
Epoch 28/500
 - 149s - loss: 0.0113 - mean_absolute_error: 0.0177 - val_loss: 0.0116 - val_mean_absolute_error: 0.0184
Epoch 29/500
 - 148s - loss: 0.0112 - mean_absolute_error: 0.0176 - val_loss: 0.0116 - val_mean_absolute_error: 0.0178
Epoch 30/500
 - 147s - loss: 0.0112 - mean_absolute_error: 0.0176 - val_loss: 0.0116 - val_mean_absolute_error: 0.0178
Epoch 31/500
 - 148s - loss: 0.0112 - mean_absolute_error: 0.0175 - val_loss: 0.0116 - val_mean_absolute_error: 0.0178
Epoch 32/500
 - 148s - loss: 0.0112 - mean_absolute_error: 0.0175 - val_loss: 0.0116 - val_mean_absolute_error: 0.0177
Epoch 33/500
 - 149s - loss: 0.0112 - mean_absolute_error: 0.0175 - val_loss: 0.0115 - val_mean_absolute_error: 0.0176
Epoch 34/500
 - 149s - loss: 0.0112 - mean_absolute_error: 0.0175 - val_loss: 0.0117 - val_mean_absolute_error: 0.0180
Epoch 35/500
 - 147s - loss: 0.0112 - mean_absolute_error: 0.0175 - val_loss: 0.0115 - val_mean_absolute_error: 0.0176
Epoch 36/500
 - 148s - loss: 0.0112 - mean_absolute_error: 0.0174 - val_loss: 0.0115 - val_mean_absolute_error: 0.0175
Epoch 37/500
 - 148s - loss: 0.0112 - mean_absolute_error: 0.0174 - val_loss: 0.0117 - val_mean_absolute_error: 0.0181
Epoch 38/500
 - 148s - loss: 0.0112 - mean_absolute_error: 0.0174 - val_loss: 0.0115 - val_mean_absolute_error: 0.0177
Epoch 39/500
 - 147s - loss: 0.0111 - mean_absolute_error: 0.0174 - val_loss: 0.0119 - val_mean_absolute_error: 0.0188

Epoch 00039: ReduceLROnPlateau reducing learning rate to 6.25000029685907e-05.
Epoch 40/500
 - 147s - loss: 0.0109 - mean_absolute_error: 0.0170 - val_loss: 0.0114 - val_mean_absolute_error: 0.0174
Epoch 41/500
 - 148s - loss: 0.0109 - mean_absolute_error: 0.0169 - val_loss: 0.0114 - val_mean_absolute_error: 0.0174
Epoch 42/500
 - 149s - loss: 0.0109 - mean_absolute_error: 0.0169 - val_loss: 0.0114 - val_mean_absolute_error: 0.0173
Epoch 43/500
 - 149s - loss: 0.0109 - mean_absolute_error: 0.0169 - val_loss: 0.0114 - val_mean_absolute_error: 0.0173
Epoch 44/500
 - 148s - loss: 0.0109 - mean_absolute_error: 0.0169 - val_loss: 0.0116 - val_mean_absolute_error: 0.0179
Epoch 45/500
 - 148s - loss: 0.0109 - mean_absolute_error: 0.0169 - val_loss: 0.0114 - val_mean_absolute_error: 0.0173

Epoch 00045: ReduceLROnPlateau reducing learning rate to 3.125000148429535e-05.
Epoch 46/500
 - 149s - loss: 0.0108 - mean_absolute_error: 0.0167 - val_loss: 0.0113 - val_mean_absolute_error: 0.0170
Epoch 47/500
 - 148s - loss: 0.0108 - mean_absolute_error: 0.0166 - val_loss: 0.0113 - val_mean_absolute_error: 0.0172
Epoch 48/500
 - 146s - loss: 0.0108 - mean_absolute_error: 0.0166 - val_loss: 0.0113 - val_mean_absolute_error: 0.0171
Epoch 49/500
 - 146s - loss: 0.0108 - mean_absolute_error: 0.0166 - val_loss: 0.0113 - val_mean_absolute_error: 0.0172

Epoch 00049: ReduceLROnPlateau reducing learning rate to 1.5625000742147677e-05.
Epoch 50/500
 - 149s - loss: 0.0107 - mean_absolute_error: 0.0165 - val_loss: 0.0112 - val_mean_absolute_error: 0.0170
Epoch 51/500
 - 148s - loss: 0.0107 - mean_absolute_error: 0.0165 - val_loss: 0.0112 - val_mean_absolute_error: 0.0170
Epoch 52/500
 - 149s - loss: 0.0107 - mean_absolute_error: 0.0165 - val_loss: 0.0112 - val_mean_absolute_error: 0.0169
Epoch 53/500
 - 149s - loss: 0.0107 - mean_absolute_error: 0.0165 - val_loss: 0.0112 - val_mean_absolute_error: 0.0169
Epoch 54/500
 - 148s - loss: 0.0107 - mean_absolute_error: 0.0165 - val_loss: 0.0113 - val_mean_absolute_error: 0.0170
Epoch 55/500
 - 147s - loss: 0.0107 - mean_absolute_error: 0.0165 - val_loss: 0.0112 - val_mean_absolute_error: 0.0169

Epoch 00055: ReduceLROnPlateau reducing learning rate to 7.812500371073838e-06.
Epoch 56/500
 - 149s - loss: 0.0107 - mean_absolute_error: 0.0164 - val_loss: 0.0112 - val_mean_absolute_error: 0.0168
Epoch 57/500
 - 148s - loss: 0.0107 - mean_absolute_error: 0.0164 - val_loss: 0.0112 - val_mean_absolute_error: 0.0169
Epoch 58/500
 - 148s - loss: 0.0107 - mean_absolute_error: 0.0164 - val_loss: 0.0112 - val_mean_absolute_error: 0.0168
Epoch 59/500
 - 145s - loss: 0.0107 - mean_absolute_error: 0.0164 - val_loss: 0.0112 - val_mean_absolute_error: 0.0168
Epoch 60/500
 - 142s - loss: 0.0107 - mean_absolute_error: 0.0164 - val_loss: 0.0112 - val_mean_absolute_error: 0.0169
Epoch 61/500
 - 143s - loss: 0.0107 - mean_absolute_error: 0.0164 - val_loss: 0.0112 - val_mean_absolute_error: 0.0169

Epoch 00061: ReduceLROnPlateau reducing learning rate to 3.906250185536919e-06.
Epoch 62/500
 - 141s - loss: 0.0106 - mean_absolute_error: 0.0164 - val_loss: 0.0112 - val_mean_absolute_error: 0.0168
Epoch 63/500
 - 144s - loss: 0.0106 - mean_absolute_error: 0.0164 - val_loss: 0.0112 - val_mean_absolute_error: 0.0169
Epoch 00063: early stopping
